IQ-TREE multicore version 2.2.2.4 COVID-edition for Linux 64-bit built Apr 17 2023
Developed by Bui Quang Minh, James Barbetti, Nguyen Lam Tung,
Olga Chernomor, Heiko Schmidt, Dominik Schrempf, Michael Woodhams, Ly Trong Nhan.

Host:    euler (AVX, FMA3, 997 GB RAM)
Command: iqtree2 -s /project/satute/April/four/four_0.01/four_0.01_1/four_0.01_1.fa --ufboot 10000 -m JC+G4 --quiet --keep-ident -wspr
Seed:    745945 (Using SPRNG - Scalable Parallel Random Number Generator)
Time:    Sun May 19 22:53:11 2024
Kernel:  AVX+FMA - 1 threads (64 CPU cores detected)

HINT: Use -nt option to specify number of threads because your CPU has 64 cores!
HINT: -nt AUTO will automatically determine the best number of threads to use.

Reading alignment file /project/satute/April/four/four_0.01/four_0.01_1/four_0.01_1.fa ... Fasta format detected
Reading fasta file: done in 0.00204925 secs using 97.6% CPU
Alignment most likely contains DNA/RNA sequences
Constructing alignment: done in 0.00340102 secs using 88.21% CPU
Alignment has 64 sequences with 1000 columns, 723 distinct patterns
937 parsimony-informative, 9 singleton sites, 54 constant sites
         Gap/Ambiguity  Composition  p-value
Analyzing sequences: done in 0.000291543 secs
   1  t000000    0.00%    passed     63.58%
   2  t000001    0.00%    passed     68.18%
   3  t000010    0.00%    passed     64.54%
   4  t000011    0.00%    passed     66.21%
   5  t000100    0.00%    passed     79.91%
   6  t000101    0.00%    passed     74.08%
   7  t000110    0.00%    passed     51.99%
   8  t000111    0.00%    passed     48.26%
   9  t001000    0.00%    passed     81.33%
  10  t001001    0.00%    passed     77.58%
  11  t001010    0.00%    passed     70.03%
  12  t001011    0.00%    passed     74.21%
  13  t001100    0.00%    passed     70.26%
  14  t001101    0.00%    passed     70.24%
  15  t001110    0.00%    passed     58.06%
  16  t001111    0.00%    passed     56.05%
  17  t010000    0.00%    passed     68.63%
  18  t010001    0.00%    passed     85.14%
  19  t010010    0.00%    passed     93.65%
  20  t010011    0.00%    passed     80.00%
  21  t010100    0.00%    passed     89.60%
  22  t010101    0.00%    passed     92.60%
  23  t010110    0.00%    passed     96.48%
  24  t010111    0.00%    passed     93.99%
  25  t011000    0.00%    passed     87.51%
  26  t011001    0.00%    passed     65.26%
  27  t011010    0.00%    passed     89.88%
  28  t011011    0.00%    passed     88.70%
  29  t011100    0.00%    passed     69.78%
  30  t011101    0.00%    passed     71.87%
  31  t011110    0.00%    passed     63.85%
  32  t011111    0.00%    passed     91.46%
  33  t100000    0.00%    passed     54.37%
  34  t100001    0.00%    passed     72.08%
  35  t100010    0.00%    passed     40.44%
  36  t100011    0.00%    passed     61.46%
  37  t100100    0.00%    passed     71.07%
  38  t100101    0.00%    passed     58.56%
  39  t100110    0.00%    passed     76.40%
  40  t100111    0.00%    passed     78.38%
  41  t101000    0.00%    passed     39.67%
  42  t101001    0.00%    passed     52.23%
  43  t101010    0.00%    passed     23.98%
  44  t101011    0.00%    passed     21.84%
  45  t101100    0.00%    passed     54.38%
  46  t101101    0.00%    passed     66.35%
  47  t101110    0.00%    passed     48.64%
  48  t101111    0.00%    passed     49.71%
  49  t110000    0.00%    passed     62.19%
  50  t110001    0.00%    passed     49.73%
  51  t110010    0.00%    passed     52.41%
  52  t110011    0.00%    passed     54.63%
  53  t110100    0.00%    passed     38.56%
  54  t110101    0.00%    passed     39.48%
  55  t110110    0.00%    passed     57.77%
  56  t110111    0.00%    passed     47.53%
  57  t111000    0.00%    passed     64.93%
  58  t111001    0.00%    passed     58.02%
  59  t111010    0.00%    passed     57.85%
  60  t111011    0.00%    passed     49.22%
  61  t111100    0.00%    passed     79.66%
  62  t111101    0.00%    passed     92.42%
  63  t111110    0.00%    passed     75.52%
  64  t111111    0.00%    passed     76.57%
****  TOTAL      0.00%  0 sequences failed composition chi2 test (p-value<5%; df=3)

Create initial parsimony tree by phylogenetic likelihood library (PLL)... 0.023 seconds
Generating 10000 samples for ultrafast bootstrap (seed: 745945)...

NOTE: 33 MB RAM (0 GB) is required!
Estimate model parameters (epsilon = 0.100)
1. Initial log-likelihood: -13208.212
2. Current log-likelihood: -13019.250
3. Current log-likelihood: -13018.482
4. Current log-likelihood: -13018.324
Optimal log-likelihood: -13018.261
Rate parameters:  A-C: 1.00000  A-G: 1.00000  A-T: 1.00000  C-G: 1.00000  C-T: 1.00000  G-T: 1.00000
Base frequencies:  A: 0.250  C: 0.250  G: 0.250  T: 0.250
Gamma shape alpha: 0.960
Parameters optimization took 4 rounds (0.692 sec)
Wrote distance file to... 
Computing ML distances based on estimated model parameters...
Calculating distance matrix: done in 0.0973032 secs using 70.91% CPU
Computing ML distances took 0.097881 sec (of wall-clock time) 0.070000 sec (of CPU time)
WARNING: Some pairwise ML distances are too long (saturated)
Setting up auxiliary I and S matrices: done in 0.000312407 secs using 320.1% CPU
Constructing RapidNJ tree: done in 0.00100395 secs using 99.61% CPU
Computing RapidNJ tree took 0.001422 sec (of wall-clock time) 0.002000 sec (of CPU time)
Log-likelihood of RapidNJ tree: -14666.122
--------------------------------------------------------------------
|             INITIALIZING CANDIDATE TREE SET                      |
--------------------------------------------------------------------
Generating 98 parsimony trees... 2.575 second
Computing log-likelihood of 98 initial trees ... 7.482 seconds
Current best score: -13018.261

Do NNI search on 20 best initial trees
Optimizing NNI: done in 5.47902 secs using 98.48% CPU
Estimate model parameters (epsilon = 0.100)
BETTER TREE FOUND at iteration 1: -13017.762
Optimizing NNI: done in 7.07231 secs using 99.47% CPU
Estimate model parameters (epsilon = 0.100)
BETTER TREE FOUND at iteration 2: -13017.545
Optimizing NNI: done in 6.22403 secs using 99.29% CPU
Optimizing NNI: done in 7.577 secs using 99.19% CPU
Optimizing NNI: done in 7.57125 secs using 99.28% CPU
Optimizing NNI: done in 6.37907 secs using 99.53% CPU
Optimizing NNI: done in 8.33859 secs using 99.35% CPU
Optimizing NNI: done in 8.17065 secs using 99.1% CPU
Optimizing NNI: done in 10.3687 secs using 99.23% CPU
Optimizing NNI: done in 10.1345 secs using 99.14% CPU
Iteration 10 / LogL: -13017.952 / Time: 0h:1m:32s
Optimizing NNI: done in 7.36497 secs using 99.44% CPU
Optimizing NNI: done in 7.63819 secs using 98.52% CPU
Optimizing NNI: done in 8.67522 secs using 99.43% CPU
Optimizing NNI: done in 11.2802 secs using 99.05% CPU
Optimizing NNI: done in 13.9534 secs using 99.11% CPU
Optimizing NNI: done in 5.85804 secs using 99.37% CPU
Optimizing NNI: done in 9.60412 secs using 99.13% CPU
Optimizing NNI: done in 9.79454 secs using 99.32% CPU
Optimizing NNI: done in 8.25978 secs using 99.24% CPU
Optimizing NNI: done in 5.85803 secs using 98.87% CPU
Iteration 20 / LogL: -13017.598 / Time: 0h:3m:1s
Finish initializing candidate tree set (10)
Current best tree score: -13017.545 / CPU time: 176.468
Number of iterations: 20
--------------------------------------------------------------------
|               OPTIMIZING CANDIDATE TREE SET                      |
--------------------------------------------------------------------
Optimizing NNI: done in 4.48019 secs using 98.61% CPU
Optimizing NNI: done in 6.00143 secs using 98.78% CPU
Optimizing NNI: done in 8.62789 secs using 98.45% CPU
Optimizing NNI: done in 4.88396 secs using 98.83% CPU
Optimizing NNI: done in 4.88744 secs using 98.95% CPU
Optimizing NNI: done in 4.29524 secs using 97.95% CPU
Optimizing NNI: done in 6.04335 secs using 98.85% CPU
Optimizing NNI: done in 8.61685 secs using 99.32% CPU
Estimate model parameters (epsilon = 0.100)
UPDATE BEST LOG-LIKELIHOOD: -13017.468
Optimizing NNI: done in 6.66476 secs using 99.1% CPU
Estimate model parameters (epsilon = 0.100)
UPDATE BEST LOG-LIKELIHOOD: -13017.409
Optimizing NNI: done in 6.80806 secs using 99.04% CPU
Iteration 30 / LogL: -13029.898 / Time: 0h:4m:4s (0h:10m:6s left)
Optimizing NNI: done in 3.21337 secs using 99.27% CPU
Optimizing NNI: done in 3.60976 secs using 99.15% CPU
Estimate model parameters (epsilon = 0.100)
UPDATE BEST LOG-LIKELIHOOD: -13017.390
Optimizing NNI: done in 7.97538 secs using 98.67% CPU
Optimizing NNI: done in 5.63052 secs using 99.05% CPU
Optimizing NNI: done in 3.35671 secs using 99.26% CPU
Optimizing NNI: done in 5.0128 secs using 99.07% CPU
Optimizing NNI: done in 4.30097 secs using 99.26% CPU
Optimizing NNI: done in 4.78237 secs using 99.09% CPU
Optimizing NNI: done in 3.68352 secs using 99.42% CPU
Optimizing NNI: done in 4.41149 secs using 99.29% CPU
Iteration 40 / LogL: -13017.953 / Time: 0h:4m:51s (0h:7m:43s left)
Optimizing NNI: done in 4.01545 secs using 99.52% CPU
Optimizing NNI: done in 2.70073 secs using 99.31% CPU
Optimizing NNI: done in 3.92977 secs using 99.47% CPU
Optimizing NNI: done in 3.79719 secs using 99.28% CPU
Optimizing NNI: done in 4.8483 secs using 98.47% CPU
Optimizing NNI: done in 6.42991 secs using 98.97% CPU
Optimizing NNI: done in 5.54386 secs using 99.15% CPU
Optimizing NNI: done in 2.80366 secs using 99.23% CPU
Optimizing NNI: done in 6.61934 secs using 98.83% CPU
Optimizing NNI: done in 4.01145 secs using 98.39% CPU
Iteration 50 / LogL: -13045.445 / Time: 0h:5m:37s (0h:5m:58s left)
Log-likelihood cutoff on original alignment: -13062.701
Optimizing NNI: done in 4.1981 secs using 97.21% CPU
Optimizing NNI: done in 3.23518 secs using 97.12% CPU
Optimizing NNI: done in 6.70692 secs using 98.02% CPU
Optimizing NNI: done in 7.92953 secs using 97.12% CPU
Optimizing NNI: done in 7.76277 secs using 97.94% CPU
Optimizing NNI: done in 15.1682 secs using 98.46% CPU
Optimizing NNI: done in 5.62009 secs using 98.84% CPU
Optimizing NNI: done in 6.42177 secs using 98.24% CPU
Optimizing NNI: done in 9.00968 secs using 98.43% CPU
Optimizing NNI: done in 5.68291 secs using 98.52% CPU
Iteration 60 / LogL: -13017.745 / Time: 0h:6m:56s (0h:4m:56s left)
Optimizing NNI: done in 7.89203 secs using 97.77% CPU
Optimizing NNI: done in 4.59239 secs using 98.03% CPU
Optimizing NNI: done in 5.63989 secs using 96.14% CPU
Optimizing NNI: done in 8.97601 secs using 97.79% CPU
Optimizing NNI: done in 4.56683 secs using 98.43% CPU
Optimizing NNI: done in 5.18332 secs using 95.54% CPU
Optimizing NNI: done in 7.12477 secs using 97.79% CPU
Optimizing NNI: done in 7.53082 secs using 97.96% CPU
Optimizing NNI: done in 10.7565 secs using 97.68% CPU
Optimizing NNI: done in 9.71709 secs using 96.73% CPU
Iteration 70 / LogL: -13023.306 / Time: 0h:8m:9s (0h:3m:46s left)
Optimizing NNI: done in 5.43838 secs using 95.75% CPU
Optimizing NNI: done in 7.02465 secs using 97.87% CPU
Optimizing NNI: done in 6.38063 secs using 97.69% CPU
Optimizing NNI: done in 4.11576 secs using 96.34% CPU
Optimizing NNI: done in 13.6386 secs using 96.48% CPU
Optimizing NNI: done in 5.07912 secs using 95.53% CPU
Optimizing NNI: done in 7.27105 secs using 97.65% CPU
Optimizing NNI: done in 10.8578 secs using 97.62% CPU
Optimizing NNI: done in 6.06672 secs using 97.94% CPU
Optimizing NNI: done in 4.98123 secs using 98.23% CPU
Iteration 80 / LogL: -13017.453 / Time: 0h:9m:21s (0h:2m:36s left)
Optimizing NNI: done in 5.98154 secs using 97.62% CPU
Optimizing NNI: done in 4.99682 secs using 97.98% CPU
Optimizing NNI: done in 6.41026 secs using 97.95% CPU
Optimizing NNI: done in 8.35155 secs using 97.63% CPU
Optimizing NNI: done in 5.49627 secs using 97.32% CPU
Optimizing NNI: done in 6.86678 secs using 98.34% CPU
Optimizing NNI: done in 9.57876 secs using 98.15% CPU
Optimizing NNI: done in 7.10354 secs using 97.88% CPU
Optimizing NNI: done in 7.71197 secs using 97.13% CPU
Optimizing NNI: done in 9.59562 secs using 98.35% CPU
Iteration 90 / LogL: -13017.772 / Time: 0h:10m:35s (0h:1m:25s left)
Optimizing NNI: done in 3.06982 secs using 98.57% CPU
Optimizing NNI: done in 5.53697 secs using 98.72% CPU
Optimizing NNI: done in 5.02937 secs using 98.52% CPU
Optimizing NNI: done in 5.23677 secs using 94.05% CPU
Optimizing NNI: done in 9.57917 secs using 94.24% CPU
Optimizing NNI: done in 8.51964 secs using 91.89% CPU
Optimizing NNI: done in 8.31108 secs using 97.57% CPU
Optimizing NNI: done in 6.15746 secs using 98.4% CPU
Optimizing NNI: done in 6.95941 secs using 98.03% CPU
Optimizing NNI: done in 6.6135 secs using 95.41% CPU
Iteration 100 / LogL: -13018.095 / Time: 0h:11m:41s (0h:0m:14s left)
Log-likelihood cutoff on original alignment: -13062.701
NOTE: Bootstrap correlation coefficient of split occurrence frequencies: 0.998
Optimizing NNI: done in 6.06601 secs using 99.19% CPU
Optimizing NNI: done in 20.7218 secs using 97.41% CPU
Optimizing NNI: done in 9.77636 secs using 94.76% CPU
TREE SEARCH COMPLETED AFTER 103 ITERATIONS / Time: 0h:12m:22s

--------------------------------------------------------------------
|                    FINALIZING TREE SEARCH                        |
--------------------------------------------------------------------
Performs final model parameters optimization
Estimate model parameters (epsilon = 0.010)
1. Initial log-likelihood: -13017.390
Optimal log-likelihood: -13017.388
Rate parameters:  A-C: 1.00000  A-G: 1.00000  A-T: 1.00000  C-G: 1.00000  C-T: 1.00000  G-T: 1.00000
Base frequencies:  A: 0.250  C: 0.250  G: 0.250  T: 0.250
Gamma shape alpha: 0.952
Parameters optimization took 1 rounds (0.239 sec)
BEST SCORE FOUND : -13017.388
Site probabilities per category printed to /project/satute/April/four/four_0.01/four_0.01_1/four_0.01_1.fa.siteprob
Creating bootstrap support values...
Split supports printed to NEXUS file /project/satute/April/four/four_0.01/four_0.01_1/four_0.01_1.fa.splits.nex
Total tree length: 12.632

Total number of iterations: 103
CPU time used for tree search: 720.374 sec (0h:12m:0s)
Wall-clock time used for tree search: 737.711 sec (0h:12m:17s)
Total CPU time used: 730.265 sec (0h:12m:10s)
Total wall-clock time used: 749.074 sec (0h:12m:29s)

Computing bootstrap consensus tree...
Reading input file /project/satute/April/four/four_0.01/four_0.01_1/four_0.01_1.fa.splits.nex...
64 taxa and 405 splits.
Consensus tree written to /project/satute/April/four/four_0.01/four_0.01_1/four_0.01_1.fa.contree
Reading input trees file /project/satute/April/four/four_0.01/four_0.01_1/four_0.01_1.fa.contree
Log-likelihood of consensus tree: -13017.626

Analysis results written to: 
  IQ-TREE report:                /project/satute/April/four/four_0.01/four_0.01_1/four_0.01_1.fa.iqtree
  Maximum-likelihood tree:       /project/satute/April/four/four_0.01/four_0.01_1/four_0.01_1.fa.treefile
  Likelihood distances:          /project/satute/April/four/four_0.01/four_0.01_1/four_0.01_1.fa.mldist
  Site probability per rate/mix: /project/satute/April/four/four_0.01/four_0.01_1/four_0.01_1.fa.siteprob

Ultrafast bootstrap approximation results written to:
  Split support values:          /project/satute/April/four/four_0.01/four_0.01_1/four_0.01_1.fa.splits.nex
  Consensus tree:                /project/satute/April/four/four_0.01/four_0.01_1/four_0.01_1.fa.contree
  Screen log file:               /project/satute/April/four/four_0.01/four_0.01_1/four_0.01_1.fa.log

Date and Time: Sun May 19 23:05:44 2024
