IQ-TREE multicore version 2.2.0 COVID-edition for Linux 64-bit built Jun  1 2022
Developed by Bui Quang Minh, James Barbetti, Nguyen Lam Tung,
Olga Chernomor, Heiko Schmidt, Dominik Schrempf, Michael Woodhams, Ly Trong Nhan.

Host:    clemens-NUC6CAYH (SSE4.2, 7 GB RAM)
Command: iqtree2 -s /home/clemens/Downloads/M3560/M3560_2/cut_3_4/subtrees_fasta/PF3560_remaining.fasta --ufboot 10000 -m JC --quiet --keep-ident
Seed:    793456 (Using SPRNG - Scalable Parallel Random Number Generator)
Time:    Wed Feb  7 00:24:51 2024
Kernel:  SSE2 - 1 threads (4 CPU cores detected)

HINT: Use -nt option to specify number of threads because your CPU has 4 cores!
HINT: -nt AUTO will automatically determine the best number of threads to use.

Reading alignment file /home/clemens/Downloads/M3560/M3560_2/cut_3_4/subtrees_fasta/PF3560_remaining.fasta ... Fasta format detected
Reading fasta file: done in 0.000105939 secs
Alignment most likely contains DNA/RNA sequences
Constructing alignment: done in 0.000526924 secs
WARNING: 23 sites contain only gaps or ambiguous characters.
Alignment has 4 sequences with 418 columns, 109 distinct patterns
16 parsimony-informative, 152 singleton sites, 250 constant sites
                            Gap/Ambiguity  Composition  p-value
Analyzing sequences: done in 1.5945e-05 secs
   1  Claviceps_purpurea_clp1      18.66%    passed     93.36%
   2  Claviceps_fusiformis_clf1    18.42%    passed     56.80%
   3  Claviceps_paspali_cpas2      30.14%    passed     63.73%
   4  Claviceps_sorghicola_cjap2   30.38%    passed     59.60%
****  TOTAL                        24.40%  0 sequences failed composition chi2 test (p-value<5%; df=3)

Create initial parsimony tree by phylogenetic likelihood library (PLL)... 0.001 seconds
Generating 10000 samples for ultrafast bootstrap (seed: 793456)...

NOTE: 4 MB RAM (0 GB) is required!
Estimate model parameters (epsilon = 0.100)
1. Initial log-likelihood: -1152.988
Optimal log-likelihood: -1137.439
Rate parameters:  A-C: 1.00000  A-G: 1.00000  A-T: 1.00000  C-G: 1.00000  C-T: 1.00000  G-T: 1.00000
Base frequencies:  A: 0.250  C: 0.250  G: 0.250  T: 0.250
Parameters optimization took 1 rounds (0.003 sec)
Wrote distance file to... 
Computing ML distances based on estimated model parameters...
Calculating distance matrix: done in 0.000523801 secs using 39.9% CPU
Computing ML distances took 0.000590 sec (of wall-clock time) 0.000275 sec (of CPU time)
Setting up auxiliary I and S matrices: done in 4.7952e-05 secs using 89.67% CPU
Constructing RapidNJ tree: done in 3.9554e-05 secs using 85.96% CPU
Computing RapidNJ tree took 0.000609 sec (of wall-clock time) 0.000222 sec (of CPU time)
Log-likelihood of RapidNJ tree: -1137.437
--------------------------------------------------------------------
|             INITIALIZING CANDIDATE TREE SET                      |
--------------------------------------------------------------------
Generating 99 parsimony trees... 0.029 second
Computing log-likelihood of 2 initial trees ... 0.001 seconds
Current best score: -1137.437

Do NNI search on 3 best initial trees
Optimizing NNI: done in 0.00375391 secs using 99.74% CPU
Optimizing NNI: done in 0.00780102 secs using 99.53% CPU
Optimizing NNI: done in 0.00754335 secs using 99.31% CPU
Finish initializing candidate tree set (3)
Current best tree score: -1137.437 / CPU time: 0.132
Number of iterations: 3
--------------------------------------------------------------------
|               OPTIMIZING CANDIDATE TREE SET                      |
--------------------------------------------------------------------
Optimizing NNI: done in 0.0077018 secs using 99.87% CPU
Optimizing NNI: done in 0.00607437 secs using 97.69% CPU
Optimizing NNI: done in 0.00400327 secs using 2.648% CPU
Optimizing NNI: done in 0.00694095 secs using 98.2% CPU
Optimizing NNI: done in 0.00691287 secs using 99.24% CPU
Optimizing NNI: done in 0.00332626 secs using 99.69% CPU
Optimizing NNI: done in 0.00324239 secs using 99.71% CPU
Iteration 10 / LogL: -1145.394 / Time: 0h:0m:0s
Optimizing NNI: done in 0.00789569 secs using 49.67% CPU
Optimizing NNI: done in 0.00343938 secs using 98.85% CPU
Optimizing NNI: done in 0.00305639 secs using 99.63% CPU
Optimizing NNI: done in 0.0070301 secs using 99.88% CPU
UPDATE BEST LOG-LIKELIHOOD: -1137.437
Optimizing NNI: done in 0.00756271 secs using 99.75% CPU
Optimizing NNI: done in 0.00609752 secs using 98.56% CPU
UPDATE BEST LOG-LIKELIHOOD: -1137.437
Optimizing NNI: done in 0.00753061 secs using 99.27% CPU
Optimizing NNI: done in 0.00608198 secs using 99.84% CPU
UPDATE BEST LOG-LIKELIHOOD: -1137.437
Optimizing NNI: done in 0.00306949 secs using 99.66% CPU
Optimizing NNI: done in 0.00327485 secs using 99.64% CPU
Iteration 20 / LogL: -1145.393 / Time: 0h:0m:1s
Optimizing NNI: done in 0.00741898 secs using 99.85% CPU
Optimizing NNI: done in 0.0031133 secs using 99.67% CPU
Optimizing NNI: done in 0.00642911 secs using 99.83% CPU
Optimizing NNI: done in 0.00298383 secs using 99.64% CPU
Optimizing NNI: done in 0.00583686 secs using 99.81% CPU
Optimizing NNI: done in 0.00664917 secs using 99.83% CPU
Optimizing NNI: done in 0.00603398 secs using 99.8% CPU
Optimizing NNI: done in 0.00628204 secs using 99.82% CPU
Optimizing NNI: done in 0.00309921 secs using 99.64% CPU
Optimizing NNI: done in 0.00606924 secs using 99.83% CPU
Iteration 30 / LogL: -1137.558 / Time: 0h:0m:2s (0h:0m:5s left)
Optimizing NNI: done in 0.00675703 secs using 99.84% CPU
Optimizing NNI: done in 0.00787785 secs using 98.49% CPU
Optimizing NNI: done in 0.00617308 secs using 99.8% CPU
Optimizing NNI: done in 0.00598649 secs using 99.81% CPU
Optimizing NNI: done in 0.00681884 secs using 99.81% CPU
Optimizing NNI: done in 0.00579597 secs using 99.83% CPU
Optimizing NNI: done in 0.00660522 secs using 99.85% CPU
Optimizing NNI: done in 0.00683652 secs using 98.73% CPU
Optimizing NNI: done in 0.00318563 secs using 99.48% CPU
Optimizing NNI: done in 0.00577429 secs using 99.8% CPU
Iteration 40 / LogL: -1137.437 / Time: 0h:0m:3s (0h:0m:4s left)
Optimizing NNI: done in 0.00579828 secs using 99.81% CPU
Optimizing NNI: done in 0.00576875 secs using 99.67% CPU
Optimizing NNI: done in 0.00571814 secs using 99.65% CPU
Optimizing NNI: done in 0.00581088 secs using 99.83% CPU
Optimizing NNI: done in 0.00379576 secs using 99.43% CPU
Optimizing NNI: done in 0.00575009 secs using 99.82% CPU
Optimizing NNI: done in 0.005707 secs using 99.84% CPU
Optimizing NNI: done in 0.00670752 secs using 99.86% CPU
Optimizing NNI: done in 0.00673374 secs using 99.87% CPU
Optimizing NNI: done in 0.00294203 secs using 99.63% CPU
Iteration 50 / LogL: -1145.393 / Time: 0h:0m:3s (0h:0m:4s left)
Log-likelihood cutoff on original alignment: -1147.586
Optimizing NNI: done in 0.00659257 secs using 99.89% CPU
Optimizing NNI: done in 0.00668741 secs using 99.84% CPU
Optimizing NNI: done in 0.00311178 secs using 99.65% CPU
Optimizing NNI: done in 0.00576179 secs using 99.83% CPU
Optimizing NNI: done in 0.00309558 secs using 99.37% CPU
Optimizing NNI: done in 0.00596778 secs using 99.82% CPU
Optimizing NNI: done in 0.0059693 secs using 99.81% CPU
Optimizing NNI: done in 0.00316693 secs using 99.5% CPU
Optimizing NNI: done in 0.00690613 secs using 99.84% CPU
Optimizing NNI: done in 0.00693287 secs using 99.66% CPU
Iteration 60 / LogL: -1137.559 / Time: 0h:0m:4s (0h:0m:3s left)
Optimizing NNI: done in 0.00825236 secs using 99.83% CPU
Optimizing NNI: done in 0.00324962 secs using 99.7% CPU
Optimizing NNI: done in 0.00602436 secs using 99.81% CPU
Optimizing NNI: done in 0.00705516 secs using 99.84% CPU
Optimizing NNI: done in 0.00688438 secs using 99.85% CPU
Optimizing NNI: done in 0.00329204 secs using 99.66% CPU
Optimizing NNI: done in 0.00606506 secs using 99.82% CPU
Optimizing NNI: done in 0.00313331 secs using 99.22% CPU
Optimizing NNI: done in 0.00369409 secs using 99.78% CPU
Optimizing NNI: done in 0.00600565 secs using 99.66% CPU
Iteration 70 / LogL: -1137.559 / Time: 0h:0m:5s (0h:0m:2s left)
Optimizing NNI: done in 0.00670308 secs using 99.86% CPU
Optimizing NNI: done in 0.00695779 secs using 99.86% CPU
Optimizing NNI: done in 0.006796 secs using 99.78% CPU
Optimizing NNI: done in 0.00611476 secs using 99.84% CPU
Optimizing NNI: done in 0.00611521 secs using 99.83% CPU
Optimizing NNI: done in 0.00322846 secs using 99.64% CPU
Optimizing NNI: done in 0.00450078 secs using 98.76% CPU
Optimizing NNI: done in 0.00412907 secs using 99.3% CPU
Optimizing NNI: done in 0.0030391 secs using 99.6% CPU
Optimizing NNI: done in 0.00369841 secs using 99.8% CPU
Iteration 80 / LogL: -1145.394 / Time: 0h:0m:6s (0h:0m:1s left)
Optimizing NNI: done in 0.00689415 secs using 99.84% CPU
Optimizing NNI: done in 0.00317988 secs using 99.69% CPU
Optimizing NNI: done in 0.00305978 secs using 99.78% CPU
Optimizing NNI: done in 0.00308534 secs using 99.63% CPU
Optimizing NNI: done in 0.00329979 secs using 99.76% CPU
Optimizing NNI: done in 0.00609088 secs using 99.85% CPU
Optimizing NNI: done in 0.00413058 secs using 99.28% CPU
Optimizing NNI: done in 0.00310334 secs using 99.22% CPU
Optimizing NNI: done in 0.00301329 secs using 99.63% CPU
Optimizing NNI: done in 0.00305811 secs using 99.67% CPU
Iteration 90 / LogL: -1145.393 / Time: 0h:0m:7s (0h:0m:0s left)
Optimizing NNI: done in 0.00616498 secs using 99.82% CPU
Optimizing NNI: done in 0.00594698 secs using 99.73% CPU
Optimizing NNI: done in 0.0042162 secs using 99.73% CPU
Optimizing NNI: done in 0.00666888 secs using 99.85% CPU
Optimizing NNI: done in 0.00673061 secs using 99.86% CPU
Optimizing NNI: done in 0.00323734 secs using 99.25% CPU
Optimizing NNI: done in 0.0041571 secs using 98.99% CPU
Optimizing NNI: done in 0.00597331 secs using 99.83% CPU
Optimizing NNI: done in 0.00334206 secs using 99.73% CPU
Optimizing NNI: done in 0.00693913 secs using 99.85% CPU
Iteration 100 / LogL: -1137.559 / Time: 0h:0m:8s (0h:0m:0s left)
Log-likelihood cutoff on original alignment: -1145.457
NOTE: Bootstrap correlation coefficient of split occurrence frequencies: 1.000
Optimizing NNI: done in 0.00601525 secs using 99.81% CPU
TREE SEARCH COMPLETED AFTER 101 ITERATIONS / Time: 0h:0m:8s

--------------------------------------------------------------------
|                    FINALIZING TREE SEARCH                        |
--------------------------------------------------------------------
Performs final model parameters optimization
Estimate model parameters (epsilon = 0.010)
1. Initial log-likelihood: -1137.437
Optimal log-likelihood: -1137.437
Rate parameters:  A-C: 1.00000  A-G: 1.00000  A-T: 1.00000  C-G: 1.00000  C-T: 1.00000  G-T: 1.00000
Base frequencies:  A: 0.250  C: 0.250  G: 0.250  T: 0.250
Parameters optimization took 1 rounds (0.000 sec)
BEST SCORE FOUND : -1137.437
Creating bootstrap support values...
Split supports printed to NEXUS file /home/clemens/Downloads/M3560/M3560_2/cut_3_4/subtrees_fasta/PF3560_remaining.fasta.splits.nex
Total tree length: 0.819

Total number of iterations: 101
CPU time used for tree search: 8.201 sec (0h:0m:8s)
Wall-clock time used for tree search: 8.273 sec (0h:0m:8s)
Total CPU time used: 8.638 sec (0h:0m:8s)
Total wall-clock time used: 8.721 sec (0h:0m:8s)

Computing bootstrap consensus tree...
Reading input file /home/clemens/Downloads/M3560/M3560_2/cut_3_4/subtrees_fasta/PF3560_remaining.fasta.splits.nex...
4 taxa and 7 splits.
Consensus tree written to /home/clemens/Downloads/M3560/M3560_2/cut_3_4/subtrees_fasta/PF3560_remaining.fasta.contree
Reading input trees file /home/clemens/Downloads/M3560/M3560_2/cut_3_4/subtrees_fasta/PF3560_remaining.fasta.contree
Log-likelihood of consensus tree: -1137.437

Analysis results written to: 
  IQ-TREE report:                /home/clemens/Downloads/M3560/M3560_2/cut_3_4/subtrees_fasta/PF3560_remaining.fasta.iqtree
  Maximum-likelihood tree:       /home/clemens/Downloads/M3560/M3560_2/cut_3_4/subtrees_fasta/PF3560_remaining.fasta.treefile
  Likelihood distances:          /home/clemens/Downloads/M3560/M3560_2/cut_3_4/subtrees_fasta/PF3560_remaining.fasta.mldist

Ultrafast bootstrap approximation results written to:
  Split support values:          /home/clemens/Downloads/M3560/M3560_2/cut_3_4/subtrees_fasta/PF3560_remaining.fasta.splits.nex
  Consensus tree:                /home/clemens/Downloads/M3560/M3560_2/cut_3_4/subtrees_fasta/PF3560_remaining.fasta.contree
  Screen log file:               /home/clemens/Downloads/M3560/M3560_2/cut_3_4/subtrees_fasta/PF3560_remaining.fasta.log

Date and Time: Wed Feb  7 00:25:00 2024
