IQ-TREE multicore version 2.2.0 COVID-edition for Linux 64-bit built Jun  1 2022
Developed by Bui Quang Minh, James Barbetti, Nguyen Lam Tung,
Olga Chernomor, Heiko Schmidt, Dominik Schrempf, Michael Woodhams, Ly Trong Nhan.

Host:    clemens-NUC6CAYH (SSE4.2, 7 GB RAM)
Command: iqtree2 -s /home/clemens/Downloads/M3560/M3560_2/cut_4_5/subtrees_fasta/PF3560_subtree1_Node4*_Node5*.fasta --ufboot 10000 -m JC --quiet --keep-ident
Seed:    582344 (Using SPRNG - Scalable Parallel Random Number Generator)
Time:    Tue Feb  6 20:51:24 2024
Kernel:  SSE2 - 1 threads (4 CPU cores detected)

HINT: Use -nt option to specify number of threads because your CPU has 4 cores!
HINT: -nt AUTO will automatically determine the best number of threads to use.

Reading alignment file /home/clemens/Downloads/M3560/M3560_2/cut_4_5/subtrees_fasta/PF3560_subtree1_Node4*_Node5*.fasta ... Fasta format detected
Reading fasta file: done in 0.000123836 secs
Alignment most likely contains DNA/RNA sequences
Constructing alignment: done in 0.00054364 secs
WARNING: 58 sites contain only gaps or ambiguous characters.
Alignment has 6 sequences with 418 columns, 29 distinct patterns
60 parsimony-informative, 0 singleton sites, 358 constant sites
                            Gap/Ambiguity  Composition  p-value
Analyzing sequences: done in 1.7005e-05 secs
   1  Claviceps_purpurea_clp2      16.27%    passed     94.31%
   2  Claviceps_sorghicola_cjap4   16.27%    passed     94.31%
   3  Claviceps_africana_cla2      22.97%    passed     98.77%
   4  Claviceps_africana_cla7      22.97%    passed     98.23%
   5  Claviceps_africana_cls1      23.68%    passed     99.35%
   6  Claviceps_africana_cls2      23.68%    passed     99.35%
****  TOTAL                        20.97%  0 sequences failed composition chi2 test (p-value<5%; df=3)

Create initial parsimony tree by phylogenetic likelihood library (PLL)... 0.001 seconds
Generating 10000 samples for ultrafast bootstrap (seed: 582344)...

NOTE: 1 MB RAM (0 GB) is required!
Estimate model parameters (epsilon = 0.100)
1. Initial log-likelihood: -726.929
Optimal log-likelihood: -725.596
Rate parameters:  A-C: 1.00000  A-G: 1.00000  A-T: 1.00000  C-G: 1.00000  C-T: 1.00000  G-T: 1.00000
Base frequencies:  A: 0.250  C: 0.250  G: 0.250  T: 0.250
Parameters optimization took 1 rounds (0.003 sec)
Wrote distance file to... 
Computing ML distances based on estimated model parameters...
Calculating distance matrix: done in 0.000696126 secs using 51.86% CPU
Computing ML distances took 0.000883 sec (of wall-clock time) 0.000550 sec (of CPU time)
Setting up auxiliary I and S matrices: done in 7.797e-05 secs using 96.19% CPU
Constructing RapidNJ tree: done in 6.0417e-05 secs using 96% CPU
Computing RapidNJ tree took 0.000785 sec (of wall-clock time) 0.000344 sec (of CPU time)
Log-likelihood of RapidNJ tree: -725.599
--------------------------------------------------------------------
|             INITIALIZING CANDIDATE TREE SET                      |
--------------------------------------------------------------------
Generating 98 parsimony trees... 0.036 second
Computing log-likelihood of 23 initial trees ... 0.005 seconds
Current best score: -725.596

Do NNI search on 20 best initial trees
Optimizing NNI: done in 0.00650799 secs using 92.39% CPU
Estimate model parameters (epsilon = 0.100)
BETTER TREE FOUND at iteration 1: -725.596
Optimizing NNI: done in 0.00554466 secs using 97.28% CPU
Optimizing NNI: done in 0.00553355 secs using 97.77% CPU
Optimizing NNI: done in 0.0053888 secs using 98.48% CPU
Optimizing NNI: done in 0.00526314 secs using 96.65% CPU
Optimizing NNI: done in 0.00515185 secs using 97.15% CPU
Optimizing NNI: done in 0.00490238 secs using 99.81% CPU
Optimizing NNI: done in 0.00515763 secs using 99.89% CPU
Optimizing NNI: done in 0.00504871 secs using 99.87% CPU
Optimizing NNI: done in 0.00558725 secs using 89.36% CPU
Iteration 10 / LogL: -725.596 / Time: 0h:0m:0s
Optimizing NNI: done in 0.00475141 secs using 99.84% CPU
Optimizing NNI: done in 0.0050025 secs using 99.85% CPU
Optimizing NNI: done in 0.00475151 secs using 99.82% CPU
Optimizing NNI: done in 0.00914168 secs using 99.93% CPU
UPDATE BEST LOG-LIKELIHOOD: -725.595
Optimizing NNI: done in 0.00888165 secs using 99.91% CPU
UPDATE BEST LOG-LIKELIHOOD: -725.595
Optimizing NNI: done in 0.0090495 secs using 99.92% CPU
Optimizing NNI: done in 0.00905349 secs using 95.81% CPU
Optimizing NNI: done in 0.00887789 secs using 99.92% CPU
Optimizing NNI: done in 0.00911276 secs using 99.93% CPU
Optimizing NNI: done in 0.00912428 secs using 99.93% CPU
Iteration 20 / LogL: -725.597 / Time: 0h:0m:0s
Finish initializing candidate tree set (7)
Current best tree score: -725.595 / CPU time: 0.266
Number of iterations: 20
--------------------------------------------------------------------
|               OPTIMIZING CANDIDATE TREE SET                      |
--------------------------------------------------------------------
Optimizing NNI: done in 0.00801074 secs using 99.84% CPU
UPDATE BEST LOG-LIKELIHOOD: -725.595
Optimizing NNI: done in 0.00446156 secs using 93.73% CPU
Optimizing NNI: done in 0.00796233 secs using 99.86% CPU
UPDATE BEST LOG-LIKELIHOOD: -725.595
Optimizing NNI: done in 0.00400851 secs using 99.71% CPU
UPDATE BEST LOG-LIKELIHOOD: -725.595
Optimizing NNI: done in 0.00541482 secs using 99.86% CPU
Optimizing NNI: done in 0.00582065 secs using 99.83% CPU
Optimizing NNI: done in 0.00397299 secs using 99.7% CPU
UPDATE BEST LOG-LIKELIHOOD: -725.595
Optimizing NNI: done in 0.00504322 secs using 99.82% CPU
Optimizing NNI: done in 0.00578409 secs using 98.55% CPU
Optimizing NNI: done in 0.00400715 secs using 99.77% CPU
Iteration 30 / LogL: -725.596 / Time: 0h:0m:1s (0h:0m:2s left)
Optimizing NNI: done in 0.00530845 secs using 99.82% CPU
Optimizing NNI: done in 0.00733274 secs using 99.85% CPU
Optimizing NNI: done in 0.00630028 secs using 99.85% CPU
Optimizing NNI: done in 0.00819925 secs using 99.85% CPU
Optimizing NNI: done in 0.00421342 secs using 96% CPU
Optimizing NNI: done in 0.00394271 secs using 99.73% CPU
Optimizing NNI: done in 0.00413311 secs using 99.76% CPU
Optimizing NNI: done in 0.004134 secs using 99.73% CPU
Optimizing NNI: done in 0.00384336 secs using 99.76% CPU
Optimizing NNI: done in 0.00396556 secs using 99.73% CPU
Iteration 40 / LogL: -725.596 / Time: 0h:0m:1s (0h:0m:2s left)
Optimizing NNI: done in 0.00554972 secs using 99.81% CPU
Optimizing NNI: done in 0.00396449 secs using 99.71% CPU
Optimizing NNI: done in 0.00396195 secs using 99.72% CPU
Optimizing NNI: done in 0.00482075 secs using 99.78% CPU
Optimizing NNI: done in 0.00389837 secs using 99.76% CPU
Optimizing NNI: done in 0.00393052 secs using 99.71% CPU
Optimizing NNI: done in 0.00397801 secs using 99.72% CPU
Optimizing NNI: done in 0.00621708 secs using 99.87% CPU
Optimizing NNI: done in 0.00490943 secs using 99.81% CPU
Optimizing NNI: done in 0.00395007 secs using 99.75% CPU
Iteration 50 / LogL: -725.596 / Time: 0h:0m:2s (0h:0m:2s left)
Log-likelihood cutoff on original alignment: -726.138
Optimizing NNI: done in 0.00454554 secs using 99.22% CPU
Optimizing NNI: done in 0.00395012 secs using 99.77% CPU
Optimizing NNI: done in 0.00558987 secs using 99.81% CPU
Optimizing NNI: done in 0.00399765 secs using 99.73% CPU
Optimizing NNI: done in 0.00398865 secs using 99.26% CPU
Optimizing NNI: done in 0.00477341 secs using 99.8% CPU
Optimizing NNI: done in 0.00540789 secs using 99.84% CPU
Optimizing NNI: done in 0.00537527 secs using 99.79% CPU
Optimizing NNI: done in 0.00413712 secs using 99.76% CPU
Optimizing NNI: done in 0.00408346 secs using 99.77% CPU
Iteration 60 / LogL: -725.595 / Time: 0h:0m:3s (0h:0m:2s left)
Optimizing NNI: done in 0.00406992 secs using 99.78% CPU
Optimizing NNI: done in 0.00398267 secs using 99.73% CPU
Optimizing NNI: done in 0.00797739 secs using 99.87% CPU
Optimizing NNI: done in 0.00396647 secs using 99.74% CPU
UPDATE BEST LOG-LIKELIHOOD: -725.595
Optimizing NNI: done in 0.00748153 secs using 99.87% CPU
Optimizing NNI: done in 0.00400031 secs using 99.74% CPU
Optimizing NNI: done in 0.00396421 secs using 99.72% CPU
Optimizing NNI: done in 0.00488953 secs using 99.78% CPU
Optimizing NNI: done in 0.00533463 secs using 99.8% CPU
Optimizing NNI: done in 0.0039669 secs using 99.73% CPU
Iteration 70 / LogL: -725.595 / Time: 0h:0m:4s (0h:0m:2s left)
Optimizing NNI: done in 0.00532216 secs using 99.79% CPU
Optimizing NNI: done in 0.00712782 secs using 99.88% CPU
Optimizing NNI: done in 0.00781675 secs using 99.88% CPU
Optimizing NNI: done in 0.00396584 secs using 99.75% CPU
Optimizing NNI: done in 0.00753501 secs using 99.87% CPU
Optimizing NNI: done in 0.00399289 secs using 99.78% CPU
UPDATE BEST LOG-LIKELIHOOD: -725.595
Optimizing NNI: done in 0.00487749 secs using 99.83% CPU
Optimizing NNI: done in 0.00551194 secs using 99.8% CPU
Optimizing NNI: done in 0.00398338 secs using 99.81% CPU
UPDATE BEST LOG-LIKELIHOOD: -725.595
Optimizing NNI: done in 0.00369791 secs using 99.68% CPU
Iteration 80 / LogL: -725.595 / Time: 0h:0m:5s (0h:0m:1s left)
Optimizing NNI: done in 0.00519941 secs using 99.84% CPU
Optimizing NNI: done in 0.00542121 secs using 99.81% CPU
Optimizing NNI: done in 0.0078487 secs using 99.89% CPU
Optimizing NNI: done in 0.00404667 secs using 99.79% CPU
Optimizing NNI: done in 0.00375133 secs using 99.7% CPU
Optimizing NNI: done in 0.00381236 secs using 99.73% CPU
UPDATE BEST LOG-LIKELIHOOD: -725.595
Optimizing NNI: done in 0.00477906 secs using 99.79% CPU
Optimizing NNI: done in 0.00462278 secs using 99.79% CPU
Optimizing NNI: done in 0.00383214 secs using 99.71% CPU
Optimizing NNI: done in 0.00536158 secs using 99.82% CPU
Iteration 90 / LogL: -725.595 / Time: 0h:0m:6s (0h:0m:0s left)
Optimizing NNI: done in 0.00400022 secs using 99.74% CPU
Optimizing NNI: done in 0.00381042 secs using 99.73% CPU
Optimizing NNI: done in 0.00786122 secs using 99.7% CPU
Optimizing NNI: done in 0.00755524 secs using 99.85% CPU
Optimizing NNI: done in 0.00381213 secs using 99.71% CPU
Optimizing NNI: done in 0.00538384 secs using 99.82% CPU
Optimizing NNI: done in 0.00382016 secs using 99.79% CPU
Optimizing NNI: done in 0.00462089 secs using 99.76% CPU
Optimizing NNI: done in 0.00399636 secs using 99.79% CPU
Optimizing NNI: done in 0.00568699 secs using 99.84% CPU
Iteration 100 / LogL: -725.597 / Time: 0h:0m:6s (0h:0m:0s left)
Log-likelihood cutoff on original alignment: -727.814
NOTE: Bootstrap correlation coefficient of split occurrence frequencies: 0.917
NOTE: UFBoot does not converge, continue at least 100 more iterations
Optimizing NNI: done in 0.00381555 secs using 99.72% CPU
Optimizing NNI: done in 0.00385118 secs using 99.74% CPU
Optimizing NNI: done in 0.00383871 secs using 99.83% CPU
Optimizing NNI: done in 0.00748766 secs using 99.87% CPU
Optimizing NNI: done in 0.00402535 secs using 99.79% CPU
Optimizing NNI: done in 0.00539385 secs using 99.39% CPU
Optimizing NNI: done in 0.00520869 secs using 99.49% CPU
Optimizing NNI: done in 0.0037759 secs using 99.79% CPU
Optimizing NNI: done in 0.00382572 secs using 99.72% CPU
Optimizing NNI: done in 0.00379224 secs using 99.73% CPU
Iteration 110 / LogL: -725.597 / Time: 0h:0m:7s (0h:0m:6s left)
Optimizing NNI: done in 0.00475186 secs using 99.81% CPU
Optimizing NNI: done in 0.00379599 secs using 99.76% CPU
Optimizing NNI: done in 0.00482915 secs using 99.81% CPU
Optimizing NNI: done in 0.00379322 secs using 99.81% CPU
Optimizing NNI: done in 0.00384853 secs using 99.78% CPU
UPDATE BEST LOG-LIKELIHOOD: -725.595
Optimizing NNI: done in 0.00796295 secs using 99.86% CPU
Optimizing NNI: done in 0.00408928 secs using 99.72% CPU
Optimizing NNI: done in 0.00386427 secs using 99.68% CPU
Optimizing NNI: done in 0.0052334 secs using 99.72% CPU
Optimizing NNI: done in 0.00387707 secs using 99.69% CPU
Iteration 120 / LogL: -725.595 / Time: 0h:0m:8s (0h:0m:5s left)
Optimizing NNI: done in 0.00469469 secs using 14.34% CPU
Optimizing NNI: done in 0.00388981 secs using 99.7% CPU
Optimizing NNI: done in 0.00385537 secs using 99.68% CPU
Optimizing NNI: done in 0.00554956 secs using 99.77% CPU
Optimizing NNI: done in 0.0075297 secs
Optimizing NNI: done in 0.00381977 secs using 99.74% CPU
UPDATE BEST LOG-LIKELIHOOD: -725.595
Optimizing NNI: done in 0.00486892 secs using 99.51% CPU
Optimizing NNI: done in 0.00498537 secs using 99.53% CPU
Optimizing NNI: done in 0.00741531 secs using 99.89% CPU
Optimizing NNI: done in 0.00402216 secs using 99.77% CPU
Iteration 130 / LogL: -725.596 / Time: 0h:0m:9s (0h:0m:5s left)
Optimizing NNI: done in 0.00738829 secs using 99.68% CPU
Optimizing NNI: done in 0.00379041 secs using 99.73% CPU
Optimizing NNI: done in 0.00382646 secs using 99.7% CPU
Optimizing NNI: done in 0.00752835 secs using 99.86% CPU
Optimizing NNI: done in 0.0051826 secs using 99.29% CPU
Optimizing NNI: done in 0.00471153 secs using 99.78% CPU
Optimizing NNI: done in 0.00376873 secs using 99.74% CPU
Optimizing NNI: done in 0.00381552 secs using 99.72% CPU
Optimizing NNI: done in 0.00745125 secs using 99.86% CPU
Optimizing NNI: done in 0.00379603 secs using 99.74% CPU
Iteration 140 / LogL: -725.595 / Time: 0h:0m:10s (0h:0m:4s left)
Optimizing NNI: done in 0.00380151 secs using 99.72% CPU
Optimizing NNI: done in 0.00570716 secs using 99.52% CPU
Optimizing NNI: done in 0.00514577 secs using 99.4% CPU
Optimizing NNI: done in 0.00744303 secs using 99.84% CPU
Optimizing NNI: done in 0.00381023 secs using 99.71% CPU
Optimizing NNI: done in 0.00613431 secs using 14.46% CPU
Optimizing NNI: done in 0.00779672 secs using 99.11% CPU
Optimizing NNI: done in 0.00391432 secs using 99.71% CPU
Optimizing NNI: done in 0.00363782 secs using 98.14% CPU
UPDATE BEST LOG-LIKELIHOOD: -725.595
Optimizing NNI: done in 0.00748014 secs using 99.85% CPU
Iteration 150 / LogL: -725.595 / Time: 0h:0m:11s (0h:0m:3s left)
Log-likelihood cutoff on original alignment: -727.659
Optimizing NNI: done in 0.00782911 secs using 99.88% CPU
Optimizing NNI: done in 0.00565437 secs using 29.39% CPU
Optimizing NNI: done in 0.00386143 secs using 99.68% CPU
UPDATE BEST LOG-LIKELIHOOD: -725.595
Optimizing NNI: done in 0.00373401 secs using 99.73% CPU
Optimizing NNI: done in 0.00783414 secs using 99.88% CPU
Optimizing NNI: done in 0.00521386 secs using 99.79% CPU
Optimizing NNI: done in 0.00381358 secs using 99.7% CPU
UPDATE BEST LOG-LIKELIHOOD: -725.595
Optimizing NNI: done in 0.00365968 secs using 99.68% CPU
Optimizing NNI: done in 0.00483128 secs using 99.87% CPU
Optimizing NNI: done in 0.00396541 secs using 99.79% CPU
Iteration 160 / LogL: -725.595 / Time: 0h:0m:12s (0h:0m:3s left)
Optimizing NNI: done in 0.00394473 secs using 99.65% CPU
Optimizing NNI: done in 0.00785801 secs using 99.89% CPU
Optimizing NNI: done in 0.00767858 secs using 99.88% CPU
Optimizing NNI: done in 0.0039426 secs using 99.78% CPU
Optimizing NNI: done in 0.00744227 secs using 99.88% CPU
Optimizing NNI: done in 0.00784743 secs using 99.91% CPU
Optimizing NNI: done in 0.00782298 secs using 49.09% CPU
Optimizing NNI: done in 0.00456854 secs using 99.79% CPU
Optimizing NNI: done in 0.00396161 secs using 99.78% CPU
UPDATE BEST LOG-LIKELIHOOD: -725.595
Optimizing NNI: done in 0.00745426 secs using 99.88% CPU
Iteration 170 / LogL: -725.597 / Time: 0h:0m:12s (0h:0m:2s left)
Optimizing NNI: done in 0.00376564 secs using 99.72% CPU
UPDATE BEST LOG-LIKELIHOOD: -725.595
Optimizing NNI: done in 0.00376269 secs using 99.77% CPU
Optimizing NNI: done in 0.00400145 secs using 99.74% CPU
UPDATE BEST LOG-LIKELIHOOD: -725.595
Optimizing NNI: done in 0.00472216 secs using 99.76% CPU
Optimizing NNI: done in 0.00392713 secs using 99.77% CPU
UPDATE BEST LOG-LIKELIHOOD: -725.595
Optimizing NNI: done in 0.00358137 secs using 99.74% CPU
Optimizing NNI: done in 0.00376746 secs using 99.78% CPU
UPDATE BEST LOG-LIKELIHOOD: -725.595
Optimizing NNI: done in 0.00489896 secs using 99.51% CPU
Optimizing NNI: done in 0.00501119 secs using 99.5% CPU
Optimizing NNI: done in 0.00377834 secs using 99.7% CPU
Iteration 180 / LogL: -725.595 / Time: 0h:0m:13s (0h:0m:1s left)
Optimizing NNI: done in 0.00538672 secs using 99.8% CPU
Optimizing NNI: done in 0.0037808 secs using 99.71% CPU
Optimizing NNI: done in 0.0047942 secs using 99.54% CPU
Optimizing NNI: done in 0.00501524 secs using 99.82% CPU
Optimizing NNI: done in 0.00770618 secs
UPDATE BEST LOG-LIKELIHOOD: -725.595
Optimizing NNI: done in 0.00791241 secs using 99.88% CPU
UPDATE BEST LOG-LIKELIHOOD: -725.595
Optimizing NNI: done in 0.00534897 secs using 99.85% CPU
Optimizing NNI: done in 0.00752739 secs using 99.89% CPU
Optimizing NNI: done in 0.00780852 secs using 99.9% CPU
Optimizing NNI: done in 0.0047778 secs
Iteration 190 / LogL: -725.600 / Time: 0h:0m:14s (0h:0m:0s left)
Optimizing NNI: done in 0.00389347 secs using 99.73% CPU
Optimizing NNI: done in 0.0050913 secs using 99.78% CPU
Optimizing NNI: done in 0.00379432 secs using 99.73% CPU
UPDATE BEST LOG-LIKELIHOOD: -725.595
Optimizing NNI: done in 0.00392237 secs using 99.76% CPU
Optimizing NNI: done in 0.00731424 secs using 99.87% CPU
Optimizing NNI: done in 0.00521168 secs using 99.83% CPU
Optimizing NNI: done in 0.00541702 secs using 99.39% CPU
Optimizing NNI: done in 0.00385922 secs using 99.71% CPU
Optimizing NNI: done in 0.00756712 secs using 99.39% CPU
Optimizing NNI: done in 0.00480596 secs using 99.81% CPU
Iteration 200 / LogL: -725.598 / Time: 0h:0m:15s (0h:0m:0s left)
Log-likelihood cutoff on original alignment: -727.592
NOTE: Bootstrap correlation coefficient of split occurrence frequencies: 0.921
NOTE: UFBoot does not converge, continue at least 100 more iterations
Optimizing NNI: done in 0.00373742 secs using 99.77% CPU
Optimizing NNI: done in 0.00494944 secs
Optimizing NNI: done in 0.00394903 secs using 99.77% CPU
Optimizing NNI: done in 0.00380098 secs using 99.74% CPU
Optimizing NNI: done in 0.00387835 secs using 99.81% CPU
UPDATE BEST LOG-LIKELIHOOD: -725.595
Optimizing NNI: done in 0.00389124 secs using 99.76% CPU
Optimizing NNI: done in 0.00467249 secs using 99.48% CPU
Optimizing NNI: done in 0.00745968 secs using 46.34% CPU
UPDATE BEST LOG-LIKELIHOOD: -725.595
Optimizing NNI: done in 0.00699249 secs using 98.96% CPU
Optimizing NNI: done in 0.00400574 secs using 99.76% CPU
Iteration 210 / LogL: -725.597 / Time: 0h:0m:16s (0h:0m:7s left)
Optimizing NNI: done in 0.00394911 secs using 99.77% CPU
Optimizing NNI: done in 0.00533226 secs using 99.81% CPU
Optimizing NNI: done in 0.00395417 secs using 99.77% CPU
Optimizing NNI: done in 0.00469301 secs using 98.98% CPU
Optimizing NNI: done in 0.00397634 secs using 99.77% CPU
Optimizing NNI: done in 0.00489616 secs using 99.4% CPU
Optimizing NNI: done in 0.00363175 secs using 99.65% CPU
Optimizing NNI: done in 0.00484697 secs
Optimizing NNI: done in 0.00770723 secs using 99.89% CPU
Optimizing NNI: done in 0.00496158 secs using 99.42% CPU
Iteration 220 / LogL: -725.600 / Time: 0h:0m:17s (0h:0m:6s left)
Optimizing NNI: done in 0.00394535 secs using 99.81% CPU
UPDATE BEST LOG-LIKELIHOOD: -725.595
Optimizing NNI: done in 0.00360534 secs using 99.69% CPU
UPDATE BEST LOG-LIKELIHOOD: -725.595
Optimizing NNI: done in 0.00523855 secs using 99.34% CPU
Optimizing NNI: done in 0.00371847 secs using 99.1% CPU
Optimizing NNI: done in 0.00470171 secs using 99.35% CPU
Optimizing NNI: done in 0.00377747 secs using 99.78% CPU
Optimizing NNI: done in 0.00499428 secs using 99.85% CPU
Optimizing NNI: done in 0.00775028 secs using 99.88% CPU
Optimizing NNI: done in 0.00379755 secs using 99.77% CPU
Optimizing NNI: done in 0.00731707 secs using 99.88% CPU
UPDATE BEST LOG-LIKELIHOOD: -725.595
Iteration 230 / LogL: -725.595 / Time: 0h:0m:18s (0h:0m:5s left)
Optimizing NNI: done in 0.0039983 secs using 99.67% CPU
Optimizing NNI: done in 0.00384827 secs using 99.71% CPU
Optimizing NNI: done in 0.00394633 secs using 99.76% CPU
UPDATE BEST LOG-LIKELIHOOD: -725.595
Optimizing NNI: done in 0.0037859 secs using 99.76% CPU
UPDATE BEST LOG-LIKELIHOOD: -725.595
Optimizing NNI: done in 0.00494292 secs using 99.82% CPU
Optimizing NNI: done in 0.0077949 secs using 99.89% CPU
Optimizing NNI: done in 0.00740546 secs using 99.87% CPU
Optimizing NNI: done in 0.00490551 secs using 99.42% CPU
Optimizing NNI: done in 0.00399137 secs using 99.77% CPU
Optimizing NNI: done in 0.0036798 secs using 99.73% CPU
Iteration 240 / LogL: -725.597 / Time: 0h:0m:18s (0h:0m:4s left)
Optimizing NNI: done in 0.00388845 secs using 99.73% CPU
Optimizing NNI: done in 0.00747137 secs using 99.87% CPU
Optimizing NNI: done in 0.00480475 secs using 99.84% CPU
Optimizing NNI: done in 0.00467846 secs using 99.37% CPU
Optimizing NNI: done in 0.0036799 secs using 99.68% CPU
Optimizing NNI: done in 0.0039654 secs using 99.79% CPU
Optimizing NNI: done in 0.00399581 secs using 99.75% CPU
Optimizing NNI: done in 0.00479377 secs using 99.82% CPU
Optimizing NNI: done in 0.00773524 secs using 99.88% CPU
Optimizing NNI: done in 0.00375277 secs using 99.71% CPU
Iteration 250 / LogL: -725.597 / Time: 0h:0m:19s (0h:0m:3s left)
Log-likelihood cutoff on original alignment: -727.505
Optimizing NNI: done in 0.00372805 secs using 99.76% CPU
Optimizing NNI: done in 0.00375932 secs using 99.73% CPU
Optimizing NNI: done in 0.00728141 secs using 99.84% CPU
UPDATE BEST LOG-LIKELIHOOD: -725.595
Optimizing NNI: done in 0.00539027 secs using 99.83% CPU
Optimizing NNI: done in 0.00512551 secs using 99.83% CPU
Optimizing NNI: done in 0.00720636 secs using 99.84% CPU
UPDATE BEST LOG-LIKELIHOOD: -725.595
Optimizing NNI: done in 0.00515354 secs using 99.47% CPU
Optimizing NNI: done in 0.00532261 secs using 99.59% CPU
Optimizing NNI: done in 0.0046598 secs using 99.79% CPU
Optimizing NNI: done in 0.00370166 secs using 99.74% CPU
Iteration 260 / LogL: -725.595 / Time: 0h:0m:20s (0h:0m:3s left)
Optimizing NNI: done in 0.0113737 secs using 64.6% CPU
Optimizing NNI: done in 0.0037695 secs using 99.69% CPU
UPDATE BEST LOG-LIKELIHOOD: -725.595
Optimizing NNI: done in 0.00375218 secs using 99.73% CPU
UPDATE BEST LOG-LIKELIHOOD: -725.595
Optimizing NNI: done in 0.00740497 secs using 99.87% CPU
Optimizing NNI: done in 0.00370742 secs using 99.69% CPU
Optimizing NNI: done in 0.00371642 secs using 99.69% CPU
UPDATE BEST LOG-LIKELIHOOD: -725.595
Optimizing NNI: done in 0.00359588 secs using 99.7% CPU
Optimizing NNI: done in 0.00489015 secs using 99.42% CPU
Optimizing NNI: done in 0.00474018 secs using 99.68% CPU
Optimizing NNI: done in 0.00508195 secs using 99.37% CPU
Iteration 270 / LogL: -725.595 / Time: 0h:0m:21s (0h:0m:2s left)
Optimizing NNI: done in 0.00374434 secs using 99.7% CPU
Optimizing NNI: done in 0.00478263 secs using 99.8% CPU
Optimizing NNI: done in 0.00391762 secs using 99.78% CPU
Optimizing NNI: done in 0.00776203 secs using 48.83% CPU
UPDATE BEST LOG-LIKELIHOOD: -725.595
Optimizing NNI: done in 0.00464584 secs using 99.55% CPU
Optimizing NNI: done in 0.00418131 secs using 99.71% CPU
Optimizing NNI: done in 0.004551 secs using 99.78% CPU
Optimizing NNI: done in 0.00384056 secs using 99.67% CPU
Optimizing NNI: done in 0.00782386 secs using 99.87% CPU
Optimizing NNI: done in 0.00776965 secs using 99.89% CPU
Iteration 280 / LogL: -725.596 / Time: 0h:0m:22s (0h:0m:1s left)
Optimizing NNI: done in 0.00767159 secs using 99.87% CPU
Optimizing NNI: done in 0.0076654 secs using 99.89% CPU
UPDATE BEST LOG-LIKELIHOOD: -725.595
Optimizing NNI: done in 0.00361508 secs using 99.67% CPU
Optimizing NNI: done in 0.00530885 secs using 99.81% CPU
Optimizing NNI: done in 0.00472216 secs using 16.52% CPU
Optimizing NNI: done in 0.00500201 secs using 99.26% CPU
Optimizing NNI: done in 0.00527165 secs using 99.82% CPU
Optimizing NNI: done in 0.0078209 secs
Optimizing NNI: done in 0.00395523 secs using 99.77% CPU
Optimizing NNI: done in 0.00391992 secs using 99.06% CPU
Iteration 290 / LogL: -725.595 / Time: 0h:0m:23s (0h:0m:0s left)
Optimizing NNI: done in 0.00369417 secs using 99.72% CPU
Optimizing NNI: done in 0.00742138 secs using 99.86% CPU
Optimizing NNI: done in 0.00531132 secs using 99.79% CPU
Optimizing NNI: done in 0.00392104 secs
Optimizing NNI: done in 0.00758918 secs using 98.89% CPU
UPDATE BEST LOG-LIKELIHOOD: -725.595
Optimizing NNI: done in 0.00752481 secs using 46.86% CPU
Optimizing NNI: done in 0.00393038 secs using 99.76% CPU
Optimizing NNI: done in 0.00741756 secs using 99.87% CPU
Optimizing NNI: done in 0.00494911 secs using 99.84% CPU
Optimizing NNI: done in 0.00762643 secs using 47.51% CPU
Iteration 300 / LogL: -725.595 / Time: 0h:0m:23s (0h:0m:0s left)
Log-likelihood cutoff on original alignment: -727.531
NOTE: Bootstrap correlation coefficient of split occurrence frequencies: 0.970
NOTE: UFBoot does not converge, continue at least 100 more iterations
Optimizing NNI: done in 0.00387822 secs using 99.76% CPU
Optimizing NNI: done in 0.00555754 secs using 99.25% CPU
Optimizing NNI: done in 0.00454713 secs using 99.78% CPU
Optimizing NNI: done in 0.00395974 secs using 99.3% CPU
Optimizing NNI: done in 0.00379378 secs using 99.79% CPU
Optimizing NNI: done in 0.00371964 secs using 99.77% CPU
UPDATE BEST LOG-LIKELIHOOD: -725.595
Optimizing NNI: done in 0.00359693 secs using 99.78% CPU
Optimizing NNI: done in 0.00730957 secs using 98.94% CPU
Optimizing NNI: done in 0.00473969 secs using 99.77% CPU
Optimizing NNI: done in 0.00392428 secs using 99.76% CPU
Iteration 310 / LogL: -725.596 / Time: 0h:0m:25s (0h:0m:7s left)
Optimizing NNI: done in 0.00479742 secs using 99.85% CPU
Optimizing NNI: done in 0.00393277 secs using 99.78% CPU
Optimizing NNI: done in 0.00469861 secs using 99.37% CPU
Optimizing NNI: done in 0.00758359 secs using 99.87% CPU
Optimizing NNI: done in 0.00779379 secs
Optimizing NNI: done in 0.00387919 secs using 99.79% CPU
Optimizing NNI: done in 0.00375385 secs using 99.76% CPU
Optimizing NNI: done in 0.00531992 secs using 99.85% CPU
Optimizing NNI: done in 0.00372711 secs using 99.7% CPU
Optimizing NNI: done in 0.00514821 secs using 99.32% CPU
Iteration 320 / LogL: -725.595 / Time: 0h:0m:25s (0h:0m:6s left)
Optimizing NNI: done in 0.00399448 secs using 99.79% CPU
Optimizing NNI: done in 0.00395772 secs using 99.78% CPU
Optimizing NNI: done in 0.00375637 secs using 99.72% CPU
Optimizing NNI: done in 0.00496594 secs
Optimizing NNI: done in 0.00767533 secs using 98.99% CPU
Optimizing NNI: done in 0.00512896 secs using 99.81% CPU
Optimizing NNI: done in 0.00479973 secs using 99.86% CPU
Optimizing NNI: done in 0.00379014 secs using 99.71% CPU
Optimizing NNI: done in 0.00375837 secs using 99.7% CPU
Optimizing NNI: done in 0.00532201 secs using 99.68% CPU
Iteration 330 / LogL: -725.597 / Time: 0h:0m:26s (0h:0m:5s left)
Optimizing NNI: done in 0.00491582 secs using 99.82% CPU
Optimizing NNI: done in 0.00537804 secs using 99.42% CPU
Optimizing NNI: done in 0.0038763 secs using 99.12% CPU
Optimizing NNI: done in 0.00395061 secs using 99.81% CPU
Optimizing NNI: done in 0.00472381 secs using 99.39% CPU
Optimizing NNI: done in 0.00373883 secs using 99.79% CPU
Optimizing NNI: done in 0.00511007 secs using 99.24% CPU
Optimizing NNI: done in 0.00477422 secs using 99.83% CPU
Optimizing NNI: done in 0.00740415 secs using 99.85% CPU
Optimizing NNI: done in 0.0053138 secs using 99.83% CPU
Iteration 340 / LogL: -725.595 / Time: 0h:0m:27s (0h:0m:4s left)
Optimizing NNI: done in 0.00388234 secs using 99.79% CPU
UPDATE BEST LOG-LIKELIHOOD: -725.595
Optimizing NNI: done in 0.0072695 secs using 99.83% CPU
Optimizing NNI: done in 0.00483976 secs using 99.78% CPU
Optimizing NNI: done in 0.00376009 secs using 99.71% CPU
Optimizing NNI: done in 0.00779403 secs using 99.86% CPU
Optimizing NNI: done in 0.00370731 secs using 99.18% CPU
Optimizing NNI: done in 0.00390956 secs using 99.78% CPU
Optimizing NNI: done in 0.00753927 secs
Optimizing NNI: done in 0.00757113 secs using 99.85% CPU
Optimizing NNI: done in 0.00521604 secs using 99.85% CPU
Iteration 350 / LogL: -725.595 / Time: 0h:0m:28s (0h:0m:4s left)
Log-likelihood cutoff on original alignment: -727.423
Optimizing NNI: done in 0.00765236 secs
Optimizing NNI: done in 0.00366192 secs using 99.76% CPU
Optimizing NNI: done in 0.0045544 secs using 99.38% CPU
Optimizing NNI: done in 0.00725308 secs using 99.87% CPU
Optimizing NNI: done in 0.00506679 secs using 99.87% CPU
Optimizing NNI: done in 0.00529455 secs using 99.8% CPU
Optimizing NNI: done in 0.00489688 secs using 99.8% CPU
Optimizing NNI: done in 0.00550679 secs using 99.86% CPU
Optimizing NNI: done in 0.00491927 secs
Optimizing NNI: done in 0.00476283 secs using 98.83% CPU
Iteration 360 / LogL: -725.598 / Time: 0h:0m:29s (0h:0m:3s left)
Optimizing NNI: done in 0.00729406 secs using 99.89% CPU
Optimizing NNI: done in 0.0037444 secs using 99.75% CPU
Optimizing NNI: done in 0.00390418 secs using 99.66% CPU
Optimizing NNI: done in 0.00551049 secs using 99.66% CPU
Optimizing NNI: done in 0.00550935 secs using 99.78% CPU
Optimizing NNI: done in 0.00492864 secs using 99.8% CPU
Optimizing NNI: done in 0.00377399 secs using 99.71% CPU
UPDATE BEST LOG-LIKELIHOOD: -725.595
Optimizing NNI: done in 0.00482441 secs using 99.2% CPU
Optimizing NNI: done in 0.0039221 secs using 99.77% CPU
Optimizing NNI: done in 0.0078041 secs using 99.9% CPU
Iteration 370 / LogL: -725.597 / Time: 0h:0m:30s (0h:0m:2s left)
Optimizing NNI: done in 0.00481094 secs using 99.79% CPU
Optimizing NNI: done in 0.00480305 secs using 99.83% CPU
Optimizing NNI: done in 0.00506786 secs using 99.81% CPU
Optimizing NNI: done in 0.00377904 secs using 99.79% CPU
Optimizing NNI: done in 0.00739274 secs using 99.87% CPU
Optimizing NNI: done in 0.00396777 secs using 99.75% CPU
Optimizing NNI: done in 0.00369643 secs using 99.26% CPU
Optimizing NNI: done in 0.00759287 secs using 99.88% CPU
Optimizing NNI: done in 0.00373961 secs using 99.72% CPU
Optimizing NNI: done in 0.00467897 secs using 99.77% CPU
Iteration 380 / LogL: -725.600 / Time: 0h:0m:31s (0h:0m:1s left)
Optimizing NNI: done in 0.0055628 secs using 99.21% CPU
Optimizing NNI: done in 0.00528623 secs
Optimizing NNI: done in 0.00367906 secs using 97.52% CPU
Optimizing NNI: done in 0.00375691 secs using 99.79% CPU
Optimizing NNI: done in 0.00765533 secs using 99.88% CPU
Optimizing NNI: done in 0.0037089 secs using 97.09% CPU
Optimizing NNI: done in 0.00726475 secs using 99.87% CPU
Optimizing NNI: done in 0.00457747 secs using 99.81% CPU
Optimizing NNI: done in 0.0037018 secs using 99.71% CPU
Optimizing NNI: done in 0.00530133 secs using 99.81% CPU
Iteration 390 / LogL: -725.597 / Time: 0h:0m:31s (0h:0m:0s left)
Optimizing NNI: done in 0.00465213 secs
Optimizing NNI: done in 0.00536954 secs using 99.8% CPU
Optimizing NNI: done in 0.00373762 secs using 99.72% CPU
Optimizing NNI: done in 0.00391452 secs using 99.71% CPU
Optimizing NNI: done in 0.00373653 secs using 99.72% CPU
Optimizing NNI: done in 0.00562255 secs using 99.83% CPU
Optimizing NNI: done in 0.00723871 secs using 99.89% CPU
Optimizing NNI: done in 0.00504062 secs using 20% CPU
Optimizing NNI: done in 0.0050514 secs using 99.81% CPU
Optimizing NNI: done in 0.00374599 secs using 99.79% CPU
Iteration 400 / LogL: -725.596 / Time: 0h:0m:32s (0h:0m:0s left)
Log-likelihood cutoff on original alignment: -727.374
NOTE: Bootstrap correlation coefficient of split occurrence frequencies: 0.980
NOTE: UFBoot does not converge, continue at least 100 more iterations
Optimizing NNI: done in 0.00453738 secs using 99.84% CPU
Optimizing NNI: done in 0.0077191 secs using 49.02% CPU
Optimizing NNI: done in 0.00506525 secs using 99.82% CPU
Optimizing NNI: done in 0.00377755 secs using 99.8% CPU
Optimizing NNI: done in 0.00374522 secs using 99.73% CPU
Optimizing NNI: done in 0.00374259 secs using 99.72% CPU
Optimizing NNI: done in 0.0050678 secs using 99.87% CPU
Optimizing NNI: done in 0.00504498 secs using 99.82% CPU
Optimizing NNI: done in 0.00372546 secs using 99.8% CPU
Optimizing NNI: done in 0.00472495 secs using 99.6% CPU
Iteration 410 / LogL: -725.598 / Time: 0h:0m:33s (0h:0m:7s left)
Optimizing NNI: done in 0.00471626 secs using 99.78% CPU
Optimizing NNI: done in 0.00375616 secs using 99.73% CPU
Optimizing NNI: done in 0.00756522 secs using 99.84% CPU
Optimizing NNI: done in 0.00368386 secs using 99.71% CPU
Optimizing NNI: done in 0.0038723 secs
Optimizing NNI: done in 0.00473551 secs using 99.86% CPU
Optimizing NNI: done in 0.00501852 secs using 99.79% CPU
Optimizing NNI: done in 0.00372989 secs using 99.73% CPU
Optimizing NNI: done in 0.00718645 secs using 99.85% CPU
UPDATE BEST LOG-LIKELIHOOD: -725.595
Optimizing NNI: done in 0.00720616 secs using 98.83% CPU
Iteration 420 / LogL: -725.596 / Time: 0h:0m:34s (0h:0m:6s left)
Optimizing NNI: done in 0.0037343 secs using 99.78% CPU
Optimizing NNI: done in 0.00504065 secs using 99.79% CPU
Optimizing NNI: done in 0.00462704 secs using 99.8% CPU
Optimizing NNI: done in 0.00715972 secs using 98.93% CPU
Optimizing NNI: done in 0.00531513 secs using 99.23% CPU
Optimizing NNI: done in 0.00370191 secs using 99.71% CPU
Optimizing NNI: done in 0.00731136 secs using 99.87% CPU
Optimizing NNI: done in 0.00461645 secs using 99.75% CPU
Optimizing NNI: done in 0.00391022 secs using 99.82% CPU
Optimizing NNI: done in 0.0044988 secs using 99.78% CPU
Iteration 430 / LogL: -725.598 / Time: 0h:0m:35s (0h:0m:5s left)
Optimizing NNI: done in 0.00376302 secs using 99.73% CPU
Optimizing NNI: done in 0.00374479 secs using 99.69% CPU
Optimizing NNI: done in 0.00530718 secs using 99.54% CPU
Optimizing NNI: done in 0.0046301 secs using 99.52% CPU
Optimizing NNI: done in 0.0039065 secs using 99.76% CPU
UPDATE BEST LOG-LIKELIHOOD: -725.594
Optimizing NNI: done in 0.00468808 secs using 99.76% CPU
Optimizing NNI: done in 0.00733721 secs using 99.86% CPU
Optimizing NNI: done in 0.00453443 secs using 99.4% CPU
Optimizing NNI: done in 0.00723828 secs using 99.86% CPU
Optimizing NNI: done in 0.00449442 secs using 99.81% CPU
Iteration 440 / LogL: -725.598 / Time: 0h:0m:36s (0h:0m:4s left)
Optimizing NNI: done in 0.00474602 secs using 99.81% CPU
Optimizing NNI: done in 0.00504247 secs using 99.83% CPU
Optimizing NNI: done in 0.00391667 secs using 99.09% CPU
Optimizing NNI: done in 0.00374435 secs using 99.72% CPU
UPDATE BEST LOG-LIKELIHOOD: -725.594
Optimizing NNI: done in 0.00353522 secs using 99.65% CPU
Optimizing NNI: done in 0.00451269 secs using 99.79% CPU
Optimizing NNI: done in 0.0050315 secs using 99.83% CPU
Optimizing NNI: done in 0.00463522 secs using 99.41% CPU
Optimizing NNI: done in 0.00453084 secs using 99.41% CPU
Optimizing NNI: done in 0.00501757 secs using 99.27% CPU
Iteration 450 / LogL: -725.595 / Time: 0h:0m:37s (0h:0m:4s left)
Log-likelihood cutoff on original alignment: -727.329
Optimizing NNI: done in 0.00452724 secs using 99.42% CPU
Optimizing NNI: done in 0.00374971 secs using 99.71% CPU
Optimizing NNI: done in 0.00462927 secs using 99.37% CPU
Optimizing NNI: done in 0.00730083 secs using 99.87% CPU
Optimizing NNI: done in 0.00371071 secs using 99.77% CPU
Optimizing NNI: done in 0.00376588 secs
Optimizing NNI: done in 0.00730721 secs using 99.87% CPU
Optimizing NNI: done in 0.00373438 secs using 99.78% CPU
Optimizing NNI: done in 0.00388845 secs using 99.76% CPU
Optimizing NNI: done in 0.00466043 secs using 99.8% CPU
Iteration 460 / LogL: -725.600 / Time: 0h:0m:38s (0h:0m:3s left)
Optimizing NNI: done in 0.00368506 secs using 99.7% CPU
Optimizing NNI: done in 0.00720028 secs using 99.84% CPU
UPDATE BEST LOG-LIKELIHOOD: -725.594
Optimizing NNI: done in 0.00376944 secs using 99.7% CPU
Optimizing NNI: done in 0.00742686 secs using 99.62% CPU
UPDATE BEST LOG-LIKELIHOOD: -725.594
Optimizing NNI: done in 0.00372522 secs using 99.7% CPU
Optimizing NNI: done in 0.00736918 secs using 99.86% CPU
Optimizing NNI: done in 0.00725525 secs using 99.84% CPU
Optimizing NNI: done in 0.0053407 secs using 99.82% CPU
Optimizing NNI: done in 0.00504383 secs
Optimizing NNI: done in 0.00503991 secs using 99.78% CPU
Iteration 470 / LogL: -725.595 / Time: 0h:0m:38s (0h:0m:2s left)
Optimizing NNI: done in 0.00370431 secs using 99.69% CPU
Optimizing NNI: done in 0.00369604 secs using 99.7% CPU
Optimizing NNI: done in 0.00388215 secs using 99.76% CPU
Optimizing NNI: done in 0.00711759 secs using 99.85% CPU
Optimizing NNI: done in 0.0037536 secs
Optimizing NNI: done in 0.00369162 secs using 99.71% CPU
Optimizing NNI: done in 0.0072944 secs using 99.86% CPU
Optimizing NNI: done in 0.0055295 secs using 99.85% CPU
Optimizing NNI: done in 0.00367413 secs using 99.04% CPU
Optimizing NNI: done in 0.00532389 secs using 98.95% CPU
Iteration 480 / LogL: -725.597 / Time: 0h:0m:39s (0h:0m:1s left)
Optimizing NNI: done in 0.00385645 secs using 99.73% CPU
Optimizing NNI: done in 0.00514197 secs using 99.84% CPU
Optimizing NNI: done in 0.00736893 secs using 99.69% CPU
UPDATE BEST LOG-LIKELIHOOD: -725.594
Optimizing NNI: done in 0.00357765 secs using 99.73% CPU
Optimizing NNI: done in 0.00370381 secs using 99.71% CPU
Optimizing NNI: done in 0.00365887 secs using 99.68% CPU
Optimizing NNI: done in 0.00371233 secs using 99.78% CPU
Optimizing NNI: done in 0.00373955 secs using 99.74% CPU
Optimizing NNI: done in 0.00467022 secs using 99.8% CPU
Optimizing NNI: done in 0.00506725 secs using 99.84% CPU
Iteration 490 / LogL: -725.595 / Time: 0h:0m:40s (0h:0m:0s left)
Optimizing NNI: done in 0.00389323 secs using 99.74% CPU
Optimizing NNI: done in 0.00463268 secs using 99.77% CPU
Optimizing NNI: done in 0.00449437 secs using 99.77% CPU
Optimizing NNI: done in 0.00388339 secs using 99.73% CPU
UPDATE BEST LOG-LIKELIHOOD: -725.594
Optimizing NNI: done in 0.00399512 secs using 99.75% CPU
Optimizing NNI: done in 0.00369447 secs using 99.74% CPU
UPDATE BEST LOG-LIKELIHOOD: -725.594
Optimizing NNI: done in 0.00369852 secs using 99.74% CPU
Optimizing NNI: done in 0.0068747 secs using 99.84% CPU
UPDATE BEST LOG-LIKELIHOOD: -725.594
Optimizing NNI: done in 0.00690351 secs using 99.85% CPU
Optimizing NNI: done in 0.0044099 secs using 99.78% CPU
Iteration 500 / LogL: -725.600 / Time: 0h:0m:41s (0h:0m:0s left)
Log-likelihood cutoff on original alignment: -727.222
NOTE: Bootstrap correlation coefficient of split occurrence frequencies: 0.988
NOTE: UFBoot does not converge, continue at least 100 more iterations
Optimizing NNI: done in 0.00495321 secs using 99.81% CPU
Optimizing NNI: done in 0.00357666 secs using 99.73% CPU
Optimizing NNI: done in 0.00408119 secs using 99.02% CPU
Optimizing NNI: done in 0.00368623 secs using 99.72% CPU
Optimizing NNI: done in 0.00393957 secs using 99.78% CPU
Optimizing NNI: done in 0.00433414 secs using 99.47% CPU
Optimizing NNI: done in 0.00737621 secs using 99.88% CPU
UPDATE BEST LOG-LIKELIHOOD: -725.594
Optimizing NNI: done in 0.00702348 secs using 99.84% CPU
Optimizing NNI: done in 0.00375458 secs using 99.72% CPU
Optimizing NNI: done in 0.00372314 secs using 99.78% CPU
Iteration 510 / LogL: -725.597 / Time: 0h:0m:42s (0h:0m:7s left)
Optimizing NNI: done in 0.00373279 secs using 99.74% CPU
UPDATE BEST LOG-LIKELIHOOD: -725.594
Optimizing NNI: done in 0.00376625 secs using 99.7% CPU
Optimizing NNI: done in 0.00528638 secs using 99.33% CPU
Optimizing NNI: done in 0.00731819 secs using 99.87% CPU
UPDATE BEST LOG-LIKELIHOOD: -725.594
Optimizing NNI: done in 0.00371306 secs using 99.78% CPU
Optimizing NNI: done in 0.00499437 secs using 99.83% CPU
Optimizing NNI: done in 0.00474388 secs
Optimizing NNI: done in 0.00376173 secs using 99.02% CPU
Optimizing NNI: done in 0.0048091 secs using 99.5% CPU
Optimizing NNI: done in 0.00467693 secs using 99.79% CPU
Iteration 520 / LogL: -725.600 / Time: 0h:0m:43s (0h:0m:6s left)
Optimizing NNI: done in 0.00734345 secs using 99.9% CPU
Optimizing NNI: done in 0.00390341 secs using 99.78% CPU
Optimizing NNI: done in 0.00371026 secs using 99.75% CPU
Optimizing NNI: done in 0.00399427 secs
Optimizing NNI: done in 0.00505977 secs using 21.88% CPU
Optimizing NNI: done in 0.00390183 secs using 99.8% CPU
Optimizing NNI: done in 0.00470902 secs using 99.36% CPU
Optimizing NNI: done in 0.00779095 secs using 99.89% CPU
Optimizing NNI: done in 0.00370569 secs using 99.71% CPU
Optimizing NNI: done in 0.00384575 secs
Iteration 530 / LogL: -725.597 / Time: 0h:0m:44s (0h:0m:5s left)
Optimizing NNI: done in 0.00517823 secs using 99.34% CPU
Optimizing NNI: done in 0.00770653 secs using 99.88% CPU
Optimizing NNI: done in 0.00734633 secs using 99.86% CPU
UPDATE BEST LOG-LIKELIHOOD: -725.594
Optimizing NNI: done in 0.00385783 secs using 99.77% CPU
Optimizing NNI: done in 0.00372147 secs using 99.72% CPU
Optimizing NNI: done in 0.00384524 secs using 99.32% CPU
Optimizing NNI: done in 0.00373499 secs using 99.73% CPU
Optimizing NNI: done in 0.00371677 secs using 99.76% CPU
Optimizing NNI: done in 0.00372215 secs using 99.7% CPU
Optimizing NNI: done in 0.00733101 secs using 99.9% CPU
Iteration 540 / LogL: -725.596 / Time: 0h:0m:44s (0h:0m:4s left)
Optimizing NNI: done in 0.00375317 secs using 99.7% CPU
Optimizing NNI: done in 0.0038692 secs using 99.76% CPU
Optimizing NNI: done in 0.00547394 secs using 99.82% CPU
Optimizing NNI: done in 0.00452992 secs using 99.43% CPU
Optimizing NNI: done in 0.00729063 secs using 99.85% CPU
Optimizing NNI: done in 0.00527834 secs
Optimizing NNI: done in 0.00372665 secs using 99.77% CPU
Optimizing NNI: done in 0.00466209 secs using 99.46% CPU
Optimizing NNI: done in 0.00739467 secs using 99.87% CPU
UPDATE BEST LOG-LIKELIHOOD: -725.594
Optimizing NNI: done in 0.00394147 secs using 99.79% CPU
Iteration 550 / LogL: -725.596 / Time: 0h:0m:45s (0h:0m:4s left)
Log-likelihood cutoff on original alignment: -726.932
Optimizing NNI: done in 0.00370546 secs using 99.72% CPU
Optimizing NNI: done in 0.00731309 secs using 99.89% CPU
UPDATE BEST LOG-LIKELIHOOD: -725.594
Optimizing NNI: done in 0.0046565 secs using 99.8% CPU
Optimizing NNI: done in 0.00732595 secs using 99.84% CPU
Optimizing NNI: done in 0.00725331 secs using 99.86% CPU
Optimizing NNI: done in 0.00716715 secs using 99.84% CPU
Optimizing NNI: done in 0.00735843 secs using 99.84% CPU
Optimizing NNI: done in 0.0038693 secs
Optimizing NNI: done in 0.00370699 secs
Optimizing NNI: done in 0.00526546 secs using 99.27% CPU
Iteration 560 / LogL: -725.597 / Time: 0h:0m:46s (0h:0m:3s left)
Optimizing NNI: done in 0.00370272 secs using 99.71% CPU
UPDATE BEST LOG-LIKELIHOOD: -725.594
Optimizing NNI: done in 0.00372175 secs using 97.86% CPU
Optimizing NNI: done in 0.00451545 secs using 12.67% CPU
Optimizing NNI: done in 0.0072326 secs using 99.04% CPU
Optimizing NNI: done in 0.00529517 secs using 99.24% CPU
Optimizing NNI: done in 0.005276 secs using 99.26% CPU
Optimizing NNI: done in 0.00532426 secs using 99.81% CPU
Optimizing NNI: done in 0.003886 secs using 99.74% CPU
Optimizing NNI: done in 0.00462301 secs using 99.37% CPU
Optimizing NNI: done in 0.00730229 secs using 99.89% CPU
Iteration 570 / LogL: -725.596 / Time: 0h:0m:47s (0h:0m:2s left)
Optimizing NNI: done in 0.00369405 secs using 99.7% CPU
Optimizing NNI: done in 0.00461501 secs using 99.76% CPU
Optimizing NNI: done in 0.00369411 secs using 99.7% CPU
Optimizing NNI: done in 0.00525285 secs using 99.81% CPU
Optimizing NNI: done in 0.00734651 secs using 99.86% CPU
Optimizing NNI: done in 0.00764203 secs using 99.88% CPU
Optimizing NNI: done in 0.00377857 secs using 99.77% CPU
Optimizing NNI: done in 0.00730181 secs using 99.89% CPU
Optimizing NNI: done in 0.00389318 secs using 99.76% CPU
UPDATE BEST LOG-LIKELIHOOD: -725.594
Optimizing NNI: done in 0.0039961 secs using 98.7% CPU
Iteration 580 / LogL: -725.594 / Time: 0h:0m:48s (0h:0m:1s left)
Optimizing NNI: done in 0.00446848 secs using 99.77% CPU
Optimizing NNI: done in 0.00522441 secs using 99.8% CPU
Optimizing NNI: done in 0.0044569 secs using 99.8% CPU
Optimizing NNI: done in 0.00540733 secs using 99.77% CPU
Optimizing NNI: done in 0.00474527 secs using 99.78% CPU
Optimizing NNI: done in 0.00466461 secs using 99.45% CPU
Optimizing NNI: done in 0.00394946 secs using 99.79% CPU
UPDATE BEST LOG-LIKELIHOOD: -725.594
Optimizing NNI: done in 0.00737715 secs using 99.88% CPU
Optimizing NNI: done in 0.00378969 secs using 99.72% CPU
Optimizing NNI: done in 0.00760344 secs using 99.88% CPU
Iteration 590 / LogL: -725.596 / Time: 0h:0m:49s (0h:0m:0s left)
Optimizing NNI: done in 0.00370931 secs using 99.7% CPU
Optimizing NNI: done in 0.00448355 secs using 99.76% CPU
Optimizing NNI: done in 0.00742681 secs using 99.87% CPU
Optimizing NNI: done in 0.00486805 secs using 99.81% CPU
Optimizing NNI: done in 0.00486367 secs using 99.78% CPU
Optimizing NNI: done in 0.00372686 secs using 99.71% CPU
Optimizing NNI: done in 0.00378363 secs using 99.72% CPU
Optimizing NNI: done in 0.00361702 secs using 99.7% CPU
Optimizing NNI: done in 0.00376432 secs using 99.67% CPU
Optimizing NNI: done in 0.00494228 secs using 99.83% CPU
Iteration 600 / LogL: -725.600 / Time: 0h:0m:50s (0h:0m:0s left)
Log-likelihood cutoff on original alignment: -726.915
NOTE: Bootstrap correlation coefficient of split occurrence frequencies: 0.969
NOTE: UFBoot does not converge, continue at least 100 more iterations
Optimizing NNI: done in 0.00383199 secs using 99.74% CPU
Optimizing NNI: done in 0.00377741 secs using 99.72% CPU
Optimizing NNI: done in 0.00508751 secs using 99.3% CPU
Optimizing NNI: done in 0.00762071 secs using 99.89% CPU
Optimizing NNI: done in 0.00393354 secs using 99.78% CPU
Optimizing NNI: done in 0.0050492 secs using 99.82% CPU
Optimizing NNI: done in 0.00751533 secs using 99.9% CPU
Optimizing NNI: done in 0.00520593 secs using 99.43% CPU
Optimizing NNI: done in 0.00390108 secs using 99.74% CPU
Optimizing NNI: done in 0.00541648 secs using 99.44% CPU
Iteration 610 / LogL: -725.594 / Time: 0h:0m:51s (0h:0m:7s left)
Optimizing NNI: done in 0.00457816 secs using 98.64% CPU
Optimizing NNI: done in 0.00440701 secs using 99.48% CPU
Optimizing NNI: done in 0.00375167 secs using 99.72% CPU
Optimizing NNI: done in 0.00441999 secs using 99.8% CPU
Optimizing NNI: done in 0.00359662 secs using 99.76% CPU
Optimizing NNI: done in 0.0048215 secs using 99.78% CPU
Optimizing NNI: done in 0.0036242 secs using 99.8% CPU
Optimizing NNI: done in 0.00721857 secs using 99.87% CPU
UPDATE BEST LOG-LIKELIHOOD: -725.594
Optimizing NNI: done in 0.00362727 secs using 99.72% CPU
Optimizing NNI: done in 0.00468086 secs using 99.77% CPU
Iteration 620 / LogL: -725.600 / Time: 0h:0m:51s (0h:0m:6s left)
Optimizing NNI: done in 0.00545145 secs using 99.77% CPU
Optimizing NNI: done in 0.0049606 secs using 98.52% CPU
Optimizing NNI: done in 0.00391901 secs using 99.69% CPU
Optimizing NNI: done in 0.00383164 secs using 99.72% CPU
Optimizing NNI: done in 0.00369515 secs using 99.7% CPU
Optimizing NNI: done in 0.00361843 secs using 99.68% CPU
Optimizing NNI: done in 0.00544004 secs using 98.2% CPU
Optimizing NNI: done in 0.00954177 secs using 55.64% CPU
Optimizing NNI: done in 0.005349 secs using 93.48% CPU
Optimizing NNI: done in 0.00469459 secs using 99.77% CPU
Iteration 630 / LogL: -725.598 / Time: 0h:0m:52s (0h:0m:5s left)
Optimizing NNI: done in 0.00517904 secs using 99.3% CPU
Optimizing NNI: done in 0.00388623 secs using 99.71% CPU
UPDATE BEST LOG-LIKELIHOOD: -725.594
Optimizing NNI: done in 0.00440573 secs using 99.78% CPU
Optimizing NNI: done in 0.00521649 secs using 98.51% CPU
Optimizing NNI: done in 0.00376434 secs using 99.73% CPU
Optimizing NNI: done in 0.00494882 secs using 99.84% CPU
Optimizing NNI: done in 0.00367035 secs using 99.72% CPU
UPDATE BEST LOG-LIKELIHOOD: -725.594
Optimizing NNI: done in 0.00725942 secs using 99.84% CPU
UPDATE BEST LOG-LIKELIHOOD: -725.594
Optimizing NNI: done in 0.00381776 secs using 99.74% CPU
Optimizing NNI: done in 0.00388712 secs using 99.79% CPU
Iteration 640 / LogL: -725.594 / Time: 0h:0m:53s (0h:0m:5s left)
Optimizing NNI: done in 0.00397239 secs using 99.69% CPU
Optimizing NNI: done in 0.00409473 secs using 99.69% CPU
UPDATE BEST LOG-LIKELIHOOD: -725.594
Optimizing NNI: done in 0.0045663 secs using 98.9% CPU
Optimizing NNI: done in 0.00532784 secs using 99.42% CPU
Optimizing NNI: done in 0.00400541 secs using 99.79% CPU
Optimizing NNI: done in 0.00517446 secs using 99.78% CPU
Optimizing NNI: done in 0.0038107 secs using 99.8% CPU
Optimizing NNI: done in 0.00407145 secs using 99.67% CPU
Optimizing NNI: done in 0.00379868 secs using 99.72% CPU
Optimizing NNI: done in 0.00748602 secs using 99.87% CPU
UPDATE BEST LOG-LIKELIHOOD: -725.594
Iteration 650 / LogL: -725.594 / Time: 0h:0m:54s (0h:0m:4s left)
Log-likelihood cutoff on original alignment: -726.915
Optimizing NNI: done in 0.00559419 secs using 95.42% CPU
Optimizing NNI: done in 0.00390778 secs using 99.78% CPU
Optimizing NNI: done in 0.0053275 secs using 99.31% CPU
Optimizing NNI: done in 0.00455187 secs using 99.81% CPU
Optimizing NNI: done in 0.00383273 secs using 99.72% CPU
Optimizing NNI: done in 0.00415381 secs using 99.69% CPU
UPDATE BEST LOG-LIKELIHOOD: -725.594
Optimizing NNI: done in 0.00371815 secs using 99.78% CPU
Optimizing NNI: done in 0.00777221 secs using 99.89% CPU
Optimizing NNI: done in 0.00766625 secs using 99.88% CPU
Optimizing NNI: done in 0.00751749 secs using 99.04% CPU
UPDATE BEST LOG-LIKELIHOOD: -725.594
Iteration 660 / LogL: -725.594 / Time: 0h:0m:55s (0h:0m:3s left)
Optimizing NNI: done in 0.00789686 secs using 99.88% CPU
Optimizing NNI: done in 0.00782015 secs using 99.84% CPU
Optimizing NNI: done in 0.00489125 secs using 98.95% CPU
Optimizing NNI: done in 0.00533561 secs using 99% CPU
Optimizing NNI: done in 0.00452583 secs using 99.72% CPU
Optimizing NNI: done in 0.00529529 secs using 99.84% CPU
Optimizing NNI: done in 0.00406285 secs using 99.76% CPU
Optimizing NNI: done in 0.00492662 secs using 99.87% CPU
Optimizing NNI: done in 0.00475507 secs using 99.47% CPU
Optimizing NNI: done in 0.00520593 secs using 99.39% CPU
Iteration 670 / LogL: -725.594 / Time: 0h:0m:56s (0h:0m:2s left)
Optimizing NNI: done in 0.00390358 secs using 99.75% CPU
Optimizing NNI: done in 0.00497618 secs using 99.84% CPU
Optimizing NNI: done in 0.0039146 secs
Optimizing NNI: done in 0.00388485 secs using 99.8% CPU
Optimizing NNI: done in 0.00735991 secs using 99.85% CPU
UPDATE BEST LOG-LIKELIHOOD: -725.594
Optimizing NNI: done in 0.00379327 secs using 99.73% CPU
Optimizing NNI: done in 0.00375647 secs using 99.72% CPU
Optimizing NNI: done in 0.00535638 secs using 99.3% CPU
Optimizing NNI: done in 0.00776452 secs
Optimizing NNI: done in 0.00402185 secs using 99.76% CPU
UPDATE BEST LOG-LIKELIHOOD: -725.594
Iteration 680 / LogL: -725.594 / Time: 0h:0m:57s (0h:0m:1s left)
Optimizing NNI: done in 0.00382398 secs using 99.79% CPU
Optimizing NNI: done in 0.00397949 secs
UPDATE BEST LOG-LIKELIHOOD: -725.594
Optimizing NNI: done in 0.00394681 secs using 99.78% CPU
Optimizing NNI: done in 0.00397437 secs
Optimizing NNI: done in 0.00502841 secs using 99.85% CPU
Optimizing NNI: done in 0.00405826 secs using 1.873% CPU
Optimizing NNI: done in 0.00472488 secs using 99.81% CPU
Optimizing NNI: done in 0.00804715 secs using 99.61% CPU
UPDATE BEST LOG-LIKELIHOOD: -725.594
Optimizing NNI: done in 0.00516372 secs using 99.31% CPU
Optimizing NNI: done in 0.0074846 secs
Iteration 690 / LogL: -725.594 / Time: 0h:0m:58s (0h:0m:0s left)
Optimizing NNI: done in 0.00376028 secs
Optimizing NNI: done in 0.00922881 secs using 15.7% CPU
Optimizing NNI: done in 0.00379278 secs using 97.5% CPU
Optimizing NNI: done in 0.00394082 secs using 99.73% CPU
Optimizing NNI: done in 0.00759398 secs using 99.86% CPU
Optimizing NNI: done in 0.00374107 secs using 99.68% CPU
Optimizing NNI: done in 0.0039356 secs using 99.73% CPU
Optimizing NNI: done in 0.00466427 secs using 99.76% CPU
Optimizing NNI: done in 0.00383827 secs
Optimizing NNI: done in 0.00756632 secs using 99.85% CPU
Iteration 700 / LogL: -725.596 / Time: 0h:0m:58s (0h:0m:0s left)
Log-likelihood cutoff on original alignment: -726.915
NOTE: Bootstrap correlation coefficient of split occurrence frequencies: 0.980
NOTE: UFBoot does not converge, continue at least 100 more iterations
Optimizing NNI: done in 0.00734385 secs using 99.84% CPU
Optimizing NNI: done in 0.00404995 secs using 96.05% CPU
Optimizing NNI: done in 0.00500254 secs using 99.11% CPU
Optimizing NNI: done in 0.00379394 secs using 99.69% CPU
Optimizing NNI: done in 0.00562329 secs using 99.83% CPU
Optimizing NNI: done in 0.0037923 secs using 99.7% CPU
Optimizing NNI: done in 0.00452442 secs using 99.24% CPU
Optimizing NNI: done in 0.00414447 secs using 91.25% CPU
UPDATE BEST LOG-LIKELIHOOD: -725.594
Optimizing NNI: done in 0.00397818 secs using 95.37% CPU
Optimizing NNI: done in 0.00487361 secs using 99.74% CPU
Iteration 710 / LogL: -725.598 / Time: 0h:1m:0s (0h:0m:7s left)
Optimizing NNI: done in 0.00758106 secs using 99.88% CPU
Optimizing NNI: done in 0.00378409 secs using 99.79% CPU
Optimizing NNI: done in 0.00368328 secs using 99.75% CPU
Optimizing NNI: done in 0.00742687 secs using 99.84% CPU
Optimizing NNI: done in 0.00537677 secs using 99.8% CPU
Optimizing NNI: done in 0.0043493 secs using 99.76% CPU
Optimizing NNI: done in 0.00383574 secs using 96.98% CPU
Optimizing NNI: done in 0.0053576 secs using 96.93% CPU
Optimizing NNI: done in 0.0076725 secs using 98.05% CPU
Optimizing NNI: done in 0.00764575 secs using 99.87% CPU
UPDATE BEST LOG-LIKELIHOOD: -725.594
Iteration 720 / LogL: -725.594 / Time: 0h:1m:0s (0h:0m:6s left)
Optimizing NNI: done in 0.00393938 secs using 99.76% CPU
Optimizing NNI: done in 0.005199 secs using 99.4% CPU
Optimizing NNI: done in 0.00516704 secs using 99.83% CPU
Optimizing NNI: done in 0.00421181 secs using 95.73% CPU
Optimizing NNI: done in 0.00509515 secs using 96.6% CPU
Optimizing NNI: done in 0.00514028 secs using 99.06% CPU
Optimizing NNI: done in 0.0038405 secs using 99.78% CPU
UPDATE BEST LOG-LIKELIHOOD: -725.594
Optimizing NNI: done in 0.00459038 secs using 99.32% CPU
Optimizing NNI: done in 0.0036996 secs using 99.71% CPU
UPDATE BEST LOG-LIKELIHOOD: -725.594
Optimizing NNI: done in 0.0038318 secs using 99.67% CPU
UPDATE BEST LOG-LIKELIHOOD: -725.594
Iteration 730 / LogL: -725.594 / Time: 0h:1m:1s (0h:0m:5s left)
Optimizing NNI: done in 0.00486022 secs using 99.77% CPU
Optimizing NNI: done in 0.00510153 secs using 99.77% CPU
Optimizing NNI: done in 0.00484323 secs using 99.29% CPU
Optimizing NNI: done in 0.00469558 secs using 99.73% CPU
Optimizing NNI: done in 0.00761475 secs using 99.82% CPU
Optimizing NNI: done in 0.00575567 secs using 97.83% CPU
Optimizing NNI: done in 0.00382522 secs using 96.54% CPU
Optimizing NNI: done in 0.0048724 secs using 99.56% CPU
Optimizing NNI: done in 0.00365727 secs using 99.69% CPU
Optimizing NNI: done in 0.00495028 secs using 99.83% CPU
Iteration 740 / LogL: -725.594 / Time: 0h:1m:2s (0h:0m:5s left)
Optimizing NNI: done in 0.00467118 secs using 99.74% CPU
Optimizing NNI: done in 0.00380267 secs using 99.72% CPU
Optimizing NNI: done in 0.00450213 secs using 99.75% CPU
Optimizing NNI: done in 0.00519559 secs using 99.8% CPU
Optimizing NNI: done in 0.00839966 secs using 42.73% CPU
Optimizing NNI: done in 0.00380884 secs using 99.72% CPU
Optimizing NNI: done in 0.00535046 secs using 99.84% CPU
Optimizing NNI: done in 0.00386626 secs using 96.09% CPU
Optimizing NNI: done in 0.00367297 secs using 99.73% CPU
Optimizing NNI: done in 0.00385882 secs using 99.75% CPU
Iteration 750 / LogL: -725.597 / Time: 0h:1m:3s (0h:0m:4s left)
Log-likelihood cutoff on original alignment: -726.915
Optimizing NNI: done in 0.00368761 secs using 99.69% CPU
Optimizing NNI: done in 0.00464593 secs using 99.7% CPU
Optimizing NNI: done in 0.00481187 secs using 99.79% CPU
Optimizing NNI: done in 0.00374845 secs using 99.72% CPU
UPDATE BEST LOG-LIKELIHOOD: -725.594
Optimizing NNI: done in 0.00466153 secs using 99.3% CPU
Optimizing NNI: done in 0.00749103 secs using 99.87% CPU
Optimizing NNI: done in 0.00451812 secs using 99.75% CPU
Optimizing NNI: done in 0.00378813 secs using 99.71% CPU
Optimizing NNI: done in 0.00537525 secs using 99.79% CPU
Optimizing NNI: done in 0.00464179 secs using 99.77% CPU
Iteration 760 / LogL: -725.598 / Time: 0h:1m:4s (0h:0m:3s left)
Optimizing NNI: done in 0.00372473 secs using 99.71% CPU
Optimizing NNI: done in 0.00356706 secs using 99.63% CPU
Optimizing NNI: done in 0.00371874 secs using 99.66% CPU
Optimizing NNI: done in 0.00751879 secs using 99.18% CPU
Optimizing NNI: done in 0.00444801 secs using 99.8% CPU
Optimizing NNI: done in 0.0051224 secs using 99.82% CPU
Optimizing NNI: done in 0.00481564 secs using 99.8% CPU
Optimizing NNI: done in 0.00395216 secs using 99.77% CPU
Optimizing NNI: done in 0.00376823 secs using 99.65% CPU
Optimizing NNI: done in 0.00385914 secs using 99.76% CPU
Iteration 770 / LogL: -725.594 / Time: 0h:1m:5s (0h:0m:2s left)
Optimizing NNI: done in 0.00516482 secs using 98.63% CPU
Optimizing NNI: done in 0.0052672 secs using 99.18% CPU
Optimizing NNI: done in 0.00855658 secs using 7.702% CPU
Optimizing NNI: done in 0.00748783 secs using 99.87% CPU
Optimizing NNI: done in 0.00769119 secs using 98.7% CPU
Optimizing NNI: done in 0.00623028 secs using 83.11% CPU
Optimizing NNI: done in 0.00768353 secs using 99.89% CPU
Optimizing NNI: done in 0.00457896 secs using 99.3% CPU
Optimizing NNI: done in 0.00459951 secs using 99.81% CPU
Optimizing NNI: done in 0.00502883 secs using 98.43% CPU
Iteration 780 / LogL: -725.594 / Time: 0h:1m:6s (0h:0m:1s left)
Optimizing NNI: done in 0.00508016 secs using 99.86% CPU
Optimizing NNI: done in 0.00383219 secs using 96.73% CPU
Optimizing NNI: done in 0.00454012 secs using 99.82% CPU
Optimizing NNI: done in 0.00803588 secs using 99.88% CPU
Optimizing NNI: done in 0.00510506 secs using 99.2% CPU
Optimizing NNI: done in 0.00780479 secs using 99.09% CPU
Optimizing NNI: done in 0.00754549 secs using 97.87% CPU
Optimizing NNI: done in 0.00391564 secs using 99.73% CPU
Optimizing NNI: done in 0.0046981 secs using 99.74% CPU
Optimizing NNI: done in 0.0037224 secs using 99.72% CPU
Iteration 790 / LogL: -725.597 / Time: 0h:1m:7s (0h:0m:0s left)
Optimizing NNI: done in 0.00416985 secs using 99.79% CPU
UPDATE BEST LOG-LIKELIHOOD: -725.594
Optimizing NNI: done in 0.00486718 secs using 96.83% CPU
Optimizing NNI: done in 0.00731375 secs using 99.87% CPU
Optimizing NNI: done in 0.00395766 secs using 99.76% CPU
Optimizing NNI: done in 0.00753481 secs using 99.84% CPU
Optimizing NNI: done in 0.00374316 secs using 99.76% CPU
Optimizing NNI: done in 0.00731875 secs using 99.85% CPU
Optimizing NNI: done in 0.00368831 secs using 99.75% CPU
Optimizing NNI: done in 0.00454926 secs using 99.77% CPU
Optimizing NNI: done in 0.00380569 secs using 99.69% CPU
Iteration 800 / LogL: -725.597 / Time: 0h:1m:8s (0h:0m:0s left)
Log-likelihood cutoff on original alignment: -726.779
NOTE: Bootstrap correlation coefficient of split occurrence frequencies: 0.989
NOTE: UFBoot does not converge, continue at least 100 more iterations
Optimizing NNI: done in 0.00721472 secs using 99.87% CPU
Optimizing NNI: done in 0.00377951 secs using 99.67% CPU
Optimizing NNI: done in 0.00365697 secs using 99.7% CPU
Optimizing NNI: done in 0.00516212 secs using 99.15% CPU
Optimizing NNI: done in 0.00391522 secs using 99.74% CPU
Optimizing NNI: done in 0.00471022 secs using 99.46% CPU
Optimizing NNI: done in 0.0045184 secs using 99.81% CPU
Optimizing NNI: done in 0.00497794 secs using 99.78% CPU
Optimizing NNI: done in 0.00844829 secs using 99.84% CPU
Optimizing NNI: done in 0.00408251 secs using 99.74% CPU
UPDATE BEST LOG-LIKELIHOOD: -725.594
Iteration 810 / LogL: -725.594 / Time: 0h:1m:9s (0h:0m:7s left)
Optimizing NNI: done in 0.00368907 secs using 99.62% CPU
Optimizing NNI: done in 0.00734665 secs using 99.81% CPU
UPDATE BEST LOG-LIKELIHOOD: -725.594
Optimizing NNI: done in 0.00367025 secs using 99.69% CPU
Optimizing NNI: done in 0.00507719 secs using 99.78% CPU
Optimizing NNI: done in 0.00537415 secs using 99.79% CPU
Optimizing NNI: done in 0.00366645 secs using 99.71% CPU
Optimizing NNI: done in 0.00395842 secs using 99.76% CPU
Optimizing NNI: done in 0.00765331 secs using 99.56% CPU
Optimizing NNI: done in 0.00389138 secs using 99.66% CPU
Optimizing NNI: done in 0.00388804 secs using 99.66% CPU
Iteration 820 / LogL: -725.597 / Time: 0h:1m:9s (0h:0m:6s left)
Optimizing NNI: done in 0.00481029 secs using 18.34% CPU
Optimizing NNI: done in 0.00387964 secs using 99.67% CPU
Optimizing NNI: done in 0.00538529 secs using 99.83% CPU
Optimizing NNI: done in 0.00378193 secs using 99.74% CPU
Optimizing NNI: done in 0.00739893 secs using 99.88% CPU
Optimizing NNI: done in 0.00926482 secs using 78.57% CPU
UPDATE BEST LOG-LIKELIHOOD: -725.594
Optimizing NNI: done in 0.00720172 secs using 98.21% CPU
UPDATE BEST LOG-LIKELIHOOD: -725.594
Optimizing NNI: done in 0.00725049 secs using 64.55% CPU
Optimizing NNI: done in 0.00729688 secs using 96.88% CPU
Optimizing NNI: done in 0.00375613 secs using 97.73% CPU
Iteration 830 / LogL: -725.597 / Time: 0h:1m:10s (0h:0m:5s left)
Optimizing NNI: done in 0.00358458 secs using 99.65% CPU
UPDATE BEST LOG-LIKELIHOOD: -725.594
Optimizing NNI: done in 0.00705249 secs using 99.87% CPU
Optimizing NNI: done in 0.00362087 secs using 99.67% CPU
Optimizing NNI: done in 0.00359711 secs using 99.75% CPU
Optimizing NNI: done in 0.00730769 secs using 99.87% CPU
Optimizing NNI: done in 0.00713717 secs using 99.84% CPU
Optimizing NNI: done in 0.00364716 secs using 99.69% CPU
Optimizing NNI: done in 0.0035117 secs using 99.67% CPU
Optimizing NNI: done in 0.0036127 secs using 99.73% CPU
Optimizing NNI: done in 0.00722913 secs using 99.86% CPU
Iteration 840 / LogL: -725.596 / Time: 0h:1m:11s (0h:0m:5s left)
Optimizing NNI: done in 0.00510269 secs using 96.03% CPU
Optimizing NNI: done in 0.00364419 secs using 98.16% CPU
Optimizing NNI: done in 0.00458769 secs using 99.77% CPU
Optimizing NNI: done in 0.00725176 secs using 99.87% CPU
Optimizing NNI: done in 0.00723331 secs using 99.12% CPU
UPDATE BEST LOG-LIKELIHOOD: -725.594
Optimizing NNI: done in 0.00526886 secs using 99.81% CPU
Optimizing NNI: done in 0.00368073 secs using 99.68% CPU
UPDATE BEST LOG-LIKELIHOOD: -725.594
Optimizing NNI: done in 0.00718887 secs using 46.74% CPU
Optimizing NNI: done in 0.00701208 secs using 98.87% CPU
Optimizing NNI: done in 0.00704395 secs using 99.84% CPU
UPDATE BEST LOG-LIKELIHOOD: -725.594
Iteration 850 / LogL: -725.594 / Time: 0h:1m:12s (0h:0m:4s left)
Log-likelihood cutoff on original alignment: -726.779
Optimizing NNI: done in 0.00716213 secs using 44.37% CPU
Optimizing NNI: done in 0.00346931 secs using 99.7% CPU
Optimizing NNI: done in 0.0036177 secs using 99.7% CPU
Optimizing NNI: done in 0.0035896 secs using 98.53% CPU
Optimizing NNI: done in 0.00706261 secs using 43.61% CPU
Optimizing NNI: done in 0.00348031 secs using 99.65% CPU
Optimizing NNI: done in 0.00367346 secs using 97.7% CPU
Optimizing NNI: done in 0.007242 secs using 99.85% CPU
Optimizing NNI: done in 0.00365455 secs using 99.71% CPU
Optimizing NNI: done in 0.00488285 secs using 99.76% CPU
Iteration 860 / LogL: -725.594 / Time: 0h:1m:13s (0h:0m:3s left)
Optimizing NNI: done in 0.00475219 secs using 98.19% CPU
Optimizing NNI: done in 0.00376286 secs using 96.92% CPU
Optimizing NNI: done in 0.00347174 secs using 99.66% CPU
Optimizing NNI: done in 0.0068697 secs using 99.82% CPU
UPDATE BEST LOG-LIKELIHOOD: -725.594
Optimizing NNI: done in 0.00722707 secs using 99.15% CPU
Optimizing NNI: done in 0.00361477 secs using 99.73% CPU
Optimizing NNI: done in 0.00701716 secs using 99.87% CPU
UPDATE BEST LOG-LIKELIHOOD: -725.594
Optimizing NNI: done in 0.00714671 secs using 99.88% CPU
Optimizing NNI: done in 0.00439702 secs using 99.82% CPU
Optimizing NNI: done in 0.00517989 secs using 99.81% CPU
Iteration 870 / LogL: -725.597 / Time: 0h:1m:14s (0h:0m:2s left)
Optimizing NNI: done in 0.00433472 secs using 99.8% CPU
Optimizing NNI: done in 0.00699071 secs using 99.86% CPU
Optimizing NNI: done in 0.00444193 secs using 99.82% CPU
Optimizing NNI: done in 0.00506158 secs using 99.83% CPU
Optimizing NNI: done in 0.00365228 secs using 99.66% CPU
Optimizing NNI: done in 0.00384445 secs using 99.73% CPU
Optimizing NNI: done in 0.00803482 secs using 95.82% CPU
UPDATE BEST LOG-LIKELIHOOD: -725.594
Optimizing NNI: done in 0.00462024 secs using 99.37% CPU
Optimizing NNI: done in 0.00386097 secs using 99.69% CPU
UPDATE BEST LOG-LIKELIHOOD: -725.594
Optimizing NNI: done in 0.00712083 secs using 99.85% CPU
Iteration 880 / LogL: -725.594 / Time: 0h:1m:15s (0h:0m:1s left)
Optimizing NNI: done in 0.0052561 secs using 99.73% CPU
Optimizing NNI: done in 0.00365861 secs using 98.51% CPU
Optimizing NNI: done in 0.00355495 secs using 99.78% CPU
UPDATE BEST LOG-LIKELIHOOD: -725.594
Optimizing NNI: done in 0.00688222 secs using 99.87% CPU
UPDATE BEST LOG-LIKELIHOOD: -725.594
Optimizing NNI: done in 0.00715564 secs using 99.85% CPU
Optimizing NNI: done in 0.00358562 secs using 99.68% CPU
Optimizing NNI: done in 0.00427154 secs using 99.78% CPU
Optimizing NNI: done in 0.00360788 secs using 97.51% CPU
Optimizing NNI: done in 0.00515064 secs using 99.83% CPU
Optimizing NNI: done in 0.00445177 secs using 99.76% CPU
Iteration 890 / LogL: -725.598 / Time: 0h:1m:16s (0h:0m:0s left)
Optimizing NNI: done in 0.00339527 secs using 99.64% CPU
Optimizing NNI: done in 0.00447161 secs using 99.74% CPU
Optimizing NNI: done in 0.004827 secs using 99.79% CPU
Optimizing NNI: done in 0.00354755 secs using 99.7% CPU
Optimizing NNI: done in 0.00364969 secs using 99.62% CPU
UPDATE BEST LOG-LIKELIHOOD: -725.594
Optimizing NNI: done in 0.00487671 secs using 99.8% CPU
Optimizing NNI: done in 0.00356649 secs using 99.73% CPU
Optimizing NNI: done in 0.0036058 secs using 99.73% CPU
Optimizing NNI: done in 0.00707214 secs using 99.84% CPU
UPDATE BEST LOG-LIKELIHOOD: -725.594
Optimizing NNI: done in 0.00516301 secs using 99.77% CPU
Iteration 900 / LogL: -725.597 / Time: 0h:1m:16s (0h:0m:0s left)
Log-likelihood cutoff on original alignment: -726.779
NOTE: Bootstrap correlation coefficient of split occurrence frequencies: 0.973
NOTE: UFBoot does not converge, continue at least 100 more iterations
Optimizing NNI: done in 0.00362789 secs using 99.67% CPU
Optimizing NNI: done in 0.00371373 secs using 96.61% CPU
Optimizing NNI: done in 0.00532297 secs using 99.25% CPU
Optimizing NNI: done in 0.00352123 secs using 99.74% CPU
Optimizing NNI: done in 0.00365186 secs using 99.73% CPU
Optimizing NNI: done in 0.00366907 secs using 99.73% CPU
Optimizing NNI: done in 0.00748779 secs using 51.47% CPU
Optimizing NNI: done in 0.00494334 secs using 99.45% CPU
Optimizing NNI: done in 0.00368482 secs using 99.71% CPU
UPDATE BEST LOG-LIKELIHOOD: -725.594
Optimizing NNI: done in 0.00357084 secs using 99.75% CPU
Iteration 910 / LogL: -725.594 / Time: 0h:1m:17s (0h:0m:7s left)
Optimizing NNI: done in 0.00759291 secs using 98.82% CPU
Optimizing NNI: done in 0.00760056 secs using 99.1% CPU
Optimizing NNI: done in 0.00502667 secs using 99.21% CPU
Optimizing NNI: done in 0.00369098 secs using 99.7% CPU
Optimizing NNI: done in 0.0036694 secs using 98.27% CPU
UPDATE BEST LOG-LIKELIHOOD: -725.593
Optimizing NNI: done in 0.00378023 secs using 99.68% CPU
Optimizing NNI: done in 0.00715789 secs using 99.86% CPU
Optimizing NNI: done in 0.00376662 secs using 99.72% CPU
Optimizing NNI: done in 0.00352924 secs using 99.77% CPU
Optimizing NNI: done in 0.00427938 secs using 99.73% CPU
Iteration 920 / LogL: -725.598 / Time: 0h:1m:18s (0h:0m:6s left)
Optimizing NNI: done in 0.00352078 secs using 99.69% CPU
Optimizing NNI: done in 0.0079279 secs using 87.98% CPU
Optimizing NNI: done in 0.00789813 secs using 99.9% CPU
Optimizing NNI: done in 0.00528512 secs using 99.77% CPU
Optimizing NNI: done in 0.00451833 secs using 12.62% CPU
Optimizing NNI: done in 0.00363334 secs using 99.72% CPU
Optimizing NNI: done in 0.00361884 secs using 99.73% CPU
Optimizing NNI: done in 0.0044154 secs using 99.76% CPU
Optimizing NNI: done in 0.00363009 secs using 99.78% CPU
Optimizing NNI: done in 0.00499495 secs using 76.42% CPU
Iteration 930 / LogL: -725.596 / Time: 0h:1m:19s (0h:0m:5s left)
Optimizing NNI: done in 0.00441832 secs using 99.77% CPU
Optimizing NNI: done in 0.00513663 secs
Optimizing NNI: done in 0.00740958 secs using 97.13% CPU
Optimizing NNI: done in 0.00454642 secs using 99.55% CPU
Optimizing NNI: done in 0.00720758 secs using 99.84% CPU
Optimizing NNI: done in 0.00449615 secs using 99.8% CPU
Optimizing NNI: done in 0.00498606 secs using 98.37% CPU
Optimizing NNI: done in 0.00719993 secs using 99.85% CPU
Optimizing NNI: done in 0.00358475 secs using 99.76% CPU
UPDATE BEST LOG-LIKELIHOOD: -725.593
Optimizing NNI: done in 0.00384173 secs using 99.75% CPU
Iteration 940 / LogL: -725.594 / Time: 0h:1m:20s (0h:0m:5s left)
Optimizing NNI: done in 0.004767 secs using 99.35% CPU
Optimizing NNI: done in 0.00524416 secs using 99.79% CPU
Optimizing NNI: done in 0.00514678 secs using 99.79% CPU
Optimizing NNI: done in 0.00477469 secs using 98.58% CPU
Optimizing NNI: done in 0.00367718 secs using 99.67% CPU
Optimizing NNI: done in 0.00367622 secs using 99.69% CPU
Optimizing NNI: done in 0.00743523 secs using 98.79% CPU
Optimizing NNI: done in 0.004936 secs using 99.74% CPU
Optimizing NNI: done in 0.00771619 secs using 96.61% CPU
UPDATE BEST LOG-LIKELIHOOD: -725.593
Optimizing NNI: done in 0.00742287 secs using 46.09% CPU
Iteration 950 / LogL: -725.596 / Time: 0h:1m:21s (0h:0m:4s left)
Log-likelihood cutoff on original alignment: -726.779
Optimizing NNI: done in 0.00715839 secs using 99.3% CPU
Optimizing NNI: done in 0.00357572 secs using 99.7% CPU
Optimizing NNI: done in 0.00386905 secs using 94.65% CPU
Optimizing NNI: done in 0.00457474 secs using 99.81% CPU
Optimizing NNI: done in 0.00737741 secs using 98.26% CPU
Optimizing NNI: done in 0.00499253 secs using 99.85% CPU
Optimizing NNI: done in 0.00455946 secs using 99.73% CPU
Optimizing NNI: done in 0.00483772 secs using 99.82% CPU
Optimizing NNI: done in 0.00373265 secs using 99.71% CPU
Optimizing NNI: done in 0.00485412 secs using 99.79% CPU
Iteration 960 / LogL: -725.594 / Time: 0h:1m:22s (0h:0m:3s left)
Optimizing NNI: done in 0.00444616 secs using 99.77% CPU
Optimizing NNI: done in 0.0035709 secs using 99.78% CPU
Optimizing NNI: done in 0.00361329 secs using 99.66% CPU
Optimizing NNI: done in 0.00369132 secs using 99.72% CPU
Optimizing NNI: done in 0.00510455 secs using 99.75% CPU
Optimizing NNI: done in 0.00354244 secs using 99.65% CPU
Optimizing NNI: done in 0.00366007 secs using 99.7% CPU
Optimizing NNI: done in 0.00365122 secs using 99.17% CPU
Optimizing NNI: done in 0.00359216 secs using 99.66% CPU
Optimizing NNI: done in 0.00699783 secs using 99.86% CPU
UPDATE BEST LOG-LIKELIHOOD: -725.593
Iteration 970 / LogL: -725.593 / Time: 0h:1m:23s (0h:0m:2s left)
Optimizing NNI: done in 0.0036737 secs using 99.71% CPU
Optimizing NNI: done in 0.00483593 secs using 99.84% CPU
Optimizing NNI: done in 0.00369923 secs using 99.62% CPU
Optimizing NNI: done in 0.00705475 secs using 99.83% CPU
UPDATE BEST LOG-LIKELIHOOD: -725.593
Optimizing NNI: done in 0.00702432 secs using 99.84% CPU
UPDATE BEST LOG-LIKELIHOOD: -725.593
Optimizing NNI: done in 0.00727203 secs using 99.89% CPU
Optimizing NNI: done in 0.0035803 secs using 99.71% CPU
Optimizing NNI: done in 0.00516751 secs using 99.8% CPU
Optimizing NNI: done in 0.00364735 secs using 99.69% CPU
Optimizing NNI: done in 0.00658266 secs using 92.39% CPU
Iteration 980 / LogL: -725.597 / Time: 0h:1m:24s (0h:0m:1s left)
Optimizing NNI: done in 0.00518224 secs using 76.14% CPU
UPDATE BEST LOG-LIKELIHOOD: -725.593
Optimizing NNI: done in 0.00360461 secs using 99.68% CPU
Optimizing NNI: done in 0.00357888 secs using 99.7% CPU
UPDATE BEST LOG-LIKELIHOOD: -725.593
Optimizing NNI: done in 0.00485906 secs using 99.28% CPU
Optimizing NNI: done in 0.00444076 secs using 99.42% CPU
Optimizing NNI: done in 0.00764641 secs using 47.72% CPU
Optimizing NNI: done in 0.00366792 secs using 99.7% CPU
Optimizing NNI: done in 0.00351042 secs using 99.7% CPU
Optimizing NNI: done in 0.00890889 secs using 55.24% CPU
Optimizing NNI: done in 0.00460462 secs using 99.7% CPU
Iteration 990 / LogL: -725.600 / Time: 0h:1m:24s (0h:0m:0s left)
Optimizing NNI: done in 0.00382371 secs using 99.67% CPU
Optimizing NNI: done in 0.00518139 secs using 98.37% CPU
Optimizing NNI: done in 0.0035512 secs using 99.71% CPU
Optimizing NNI: done in 0.00515994 secs using 99.79% CPU
Optimizing NNI: done in 0.0050951 secs using 99.8% CPU
Optimizing NNI: done in 0.00709228 secs using 99.85% CPU
Optimizing NNI: done in 0.00359311 secs using 99.77% CPU
Optimizing NNI: done in 0.0045022 secs using 99.77% CPU
Optimizing NNI: done in 0.00489763 secs using 99.78% CPU
Optimizing NNI: done in 0.00770555 secs using 93.26% CPU
Iteration 1000 / LogL: -725.596 / Time: 0h:1m:25s (0h:0m:0s left)
Log-likelihood cutoff on original alignment: -726.779
NOTE: Bootstrap correlation coefficient of split occurrence frequencies: 0.984
NOTE: UFBoot does not converge, continue at least 100 more iterations
Optimizing NNI: done in 0.00463217 secs using 99.72% CPU
WARNING: bootstrap analysis did not converge. You should rerun with higher number of iterations (-nm option)
TREE SEARCH COMPLETED AFTER 1001 ITERATIONS / Time: 0h:1m:26s

--------------------------------------------------------------------
|                    FINALIZING TREE SEARCH                        |
--------------------------------------------------------------------
Performs final model parameters optimization
Estimate model parameters (epsilon = 0.010)
1. Initial log-likelihood: -725.593
Optimal log-likelihood: -725.593
Rate parameters:  A-C: 1.00000  A-G: 1.00000  A-T: 1.00000  C-G: 1.00000  C-T: 1.00000  G-T: 1.00000
Base frequencies:  A: 0.250  C: 0.250  G: 0.250  T: 0.250
Parameters optimization took 1 rounds (0.005 sec)
BEST SCORE FOUND : -725.593
Creating bootstrap support values...
Split supports printed to NEXUS file /home/clemens/Downloads/M3560/M3560_2/cut_4_5/subtrees_fasta/PF3560_subtree1_Node4*_Node5*.fasta.splits.nex
Total tree length: 0.225

Total number of iterations: 1001
CPU time used for tree search: 83.592 sec (0h:1m:23s)
Wall-clock time used for tree search: 86.158 sec (0h:1m:26s)
Total CPU time used: 84.020 sec (0h:1m:24s)
Total wall-clock time used: 86.624 sec (0h:1m:26s)

Computing bootstrap consensus tree...
Reading input file /home/clemens/Downloads/M3560/M3560_2/cut_4_5/subtrees_fasta/PF3560_subtree1_Node4*_Node5*.fasta.splits.nex...
6 taxa and 17 splits.
Consensus tree written to /home/clemens/Downloads/M3560/M3560_2/cut_4_5/subtrees_fasta/PF3560_subtree1_Node4*_Node5*.fasta.contree
Reading input trees file /home/clemens/Downloads/M3560/M3560_2/cut_4_5/subtrees_fasta/PF3560_subtree1_Node4*_Node5*.fasta.contree
Log-likelihood of consensus tree: -725.599

Analysis results written to: 
  IQ-TREE report:                /home/clemens/Downloads/M3560/M3560_2/cut_4_5/subtrees_fasta/PF3560_subtree1_Node4*_Node5*.fasta.iqtree
  Maximum-likelihood tree:       /home/clemens/Downloads/M3560/M3560_2/cut_4_5/subtrees_fasta/PF3560_subtree1_Node4*_Node5*.fasta.treefile
  Likelihood distances:          /home/clemens/Downloads/M3560/M3560_2/cut_4_5/subtrees_fasta/PF3560_subtree1_Node4*_Node5*.fasta.mldist

Ultrafast bootstrap approximation results written to:
  Split support values:          /home/clemens/Downloads/M3560/M3560_2/cut_4_5/subtrees_fasta/PF3560_subtree1_Node4*_Node5*.fasta.splits.nex
  Consensus tree:                /home/clemens/Downloads/M3560/M3560_2/cut_4_5/subtrees_fasta/PF3560_subtree1_Node4*_Node5*.fasta.contree
  Screen log file:               /home/clemens/Downloads/M3560/M3560_2/cut_4_5/subtrees_fasta/PF3560_subtree1_Node4*_Node5*.fasta.log

Date and Time: Tue Feb  6 20:52:51 2024
