IQ-TREE multicore version 2.2.0 COVID-edition for Linux 64-bit built Jun  1 2022
Developed by Bui Quang Minh, James Barbetti, Nguyen Lam Tung,
Olga Chernomor, Heiko Schmidt, Dominik Schrempf, Michael Woodhams, Ly Trong Nhan.

Host:    clemens-NUC6CAYH (SSE4.2, 7 GB RAM)
Command: iqtree2 -s /home/clemens/Downloads/PF3560/PF3560_2/PF3560.fasta --ufboot 10000 -m JC --redo --keep-ident --quiet
Seed:    568173 (Using SPRNG - Scalable Parallel Random Number Generator)
Time:    Wed Jan 24 18:40:12 2024
Kernel:  SSE2 - 1 threads (4 CPU cores detected)

HINT: Use -nt option to specify number of threads because your CPU has 4 cores!
HINT: -nt AUTO will automatically determine the best number of threads to use.

Reading alignment file /home/clemens/Downloads/PF3560/PF3560_2/PF3560.fasta ... Fasta format detected
Reading fasta file: done in 0.000776163 secs
Alignment most likely contains DNA/RNA sequences
Constructing alignment: done in 0.000751599 secs
Alignment has 11 sequences with 418 columns, 370 distinct patterns
252 parsimony-informative, 134 singleton sites, 32 constant sites
                            Gap/Ambiguity  Composition  p-value
Analyzing sequences: done in 5.5465e-05 secs
   1  Claviceps_purpurea_clp1      18.66%    passed     86.67%
   2  Claviceps_purpurea_clp2      16.27%    passed     99.87%
   3  Claviceps_fusiformis_clf1    18.42%    passed     93.34%
   4  Claviceps_paspali_cpas1      11.72%    passed     73.24%
   5  Claviceps_paspali_cpas2      30.14%    passed     10.15%
   6  Claviceps_sorghicola_cjap2   30.38%    passed      9.52%
   7  Claviceps_sorghicola_cjap4   16.27%    passed     99.87%
   8  Claviceps_africana_cla2      22.97%    passed     77.78%
   9  Claviceps_africana_cla7      22.97%    passed     75.20%
  10  Claviceps_africana_cls1      23.68%    passed     82.72%
  11  Claviceps_africana_cls2      23.68%    passed     82.72%
****  TOTAL                        21.38%  0 sequences failed composition chi2 test (p-value<5%; df=3)

Create initial parsimony tree by phylogenetic likelihood library (PLL)... 0.001 seconds
Generating 10000 samples for ultrafast bootstrap (seed: 568173)...

NOTE: 14 MB RAM (0 GB) is required!
Estimate model parameters (epsilon = 0.100)
1. Initial log-likelihood: -2440.342
Optimal log-likelihood: -2376.680
Rate parameters:  A-C: 1.00000  A-G: 1.00000  A-T: 1.00000  C-G: 1.00000  C-T: 1.00000  G-T: 1.00000
Base frequencies:  A: 0.250  C: 0.250  G: 0.250  T: 0.250
Parameters optimization took 1 rounds (0.004 sec)
Wrote distance file to... 
Computing ML distances based on estimated model parameters...
Calculating distance matrix: done in 0.00102198 secs using 55.38% CPU
Computing ML distances took 0.001147 sec (of wall-clock time) 0.000682 sec (of CPU time)
WARNING: Some pairwise ML distances are too long (saturated)
Setting up auxiliary I and S matrices: done in 7.1122e-05 secs
Constructing RapidNJ tree: done in 8.5768e-05 secs
Computing RapidNJ tree took 0.000251 sec (of wall-clock time) 0.000000 sec (of CPU time)
Log-likelihood of RapidNJ tree: -2383.125
--------------------------------------------------------------------
|             INITIALIZING CANDIDATE TREE SET                      |
--------------------------------------------------------------------
Generating 98 parsimony trees... 0.116 second
Computing log-likelihood of 90 initial trees ... 0.185 seconds
Current best score: -2376.677

Do NNI search on 20 best initial trees
Optimizing NNI: done in 0.158174 secs using 97.32% CPU
Estimate model parameters (epsilon = 0.100)
BETTER TREE FOUND at iteration 1: -2376.000
Optimizing NNI: done in 0.207837 secs using 99.69% CPU
BETTER TREE FOUND at iteration 2: -2375.999
Optimizing NNI: done in 0.184421 secs using 95.43% CPU
BETTER TREE FOUND at iteration 3: -2375.998
Optimizing NNI: done in 0.163482 secs using 97.54% CPU
Optimizing NNI: done in 0.155972 secs using 99.9% CPU
Optimizing NNI: done in 0.228463 secs using 99.73% CPU
Optimizing NNI: done in 0.200257 secs using 99.99% CPU
Optimizing NNI: done in 0.186623 secs using 99.64% CPU
Optimizing NNI: done in 0.23013 secs using 99.89% CPU
Optimizing NNI: done in 0.208571 secs using 91.77% CPU
Iteration 10 / LogL: -2376.001 / Time: 0h:0m:2s
Optimizing NNI: done in 0.270455 secs using 98.48% CPU
UPDATE BEST LOG-LIKELIHOOD: -2375.997
Optimizing NNI: done in 0.175619 secs using 99.86% CPU
Optimizing NNI: done in 0.22384 secs using 99.03% CPU
Optimizing NNI: done in 0.213778 secs using 99.97% CPU
Optimizing NNI: done in 0.150492 secs using 99.98% CPU
Optimizing NNI: done in 0.211287 secs using 99.95% CPU
Optimizing NNI: done in 0.170911 secs using 98.81% CPU
Optimizing NNI: done in 0.283994 secs using 99.55% CPU
Optimizing NNI: done in 0.352772 secs using 99.97% CPU
Optimizing NNI: done in 0.334872 secs using 99.99% CPU
Iteration 20 / LogL: -2376.055 / Time: 0h:0m:4s
Finish initializing candidate tree set (16)
Current best tree score: -2375.997 / CPU time: 4.708
Number of iterations: 20
--------------------------------------------------------------------
|               OPTIMIZING CANDIDATE TREE SET                      |
--------------------------------------------------------------------
Optimizing NNI: done in 0.049409 secs using 98.65% CPU
Optimizing NNI: done in 0.0222058 secs using 99.83% CPU
Optimizing NNI: done in 0.0697937 secs using 99.87% CPU
Optimizing NNI: done in 0.121072 secs using 99.86% CPU
Optimizing NNI: done in 0.0501226 secs using 99.95% CPU
Optimizing NNI: done in 0.0634706 secs using 99.95% CPU
Optimizing NNI: done in 0.10886 secs using 99.6% CPU
UPDATE BEST LOG-LIKELIHOOD: -2375.997
Optimizing NNI: done in 0.107644 secs using 96.27% CPU
Optimizing NNI: done in 0.0511798 secs using 84.4% CPU
UPDATE BEST LOG-LIKELIHOOD: -2375.997
Optimizing NNI: done in 0.0548182 secs using 99.9% CPU
BETTER TREE FOUND at iteration 30: -2375.997
Iteration 30 / LogL: -2375.997 / Time: 0h:0m:6s (0h:0m:22s left)
Optimizing NNI: done in 0.190783 secs using 95.76% CPU
Optimizing NNI: done in 0.260523 secs using 96.89% CPU
Optimizing NNI: done in 0.0518336 secs using 99.98% CPU
Optimizing NNI: done in 0.217486 secs using 92.61% CPU
Optimizing NNI: done in 0.216077 secs using 96.29% CPU
Optimizing NNI: done in 0.162356 secs using 95.02% CPU
Optimizing NNI: done in 0.107286 secs using 92.56% CPU
Optimizing NNI: done in 0.0614828 secs using 99.95% CPU
UPDATE BEST LOG-LIKELIHOOD: -2375.997
Optimizing NNI: done in 0.269006 secs using 98.49% CPU
Optimizing NNI: done in 0.198214 secs using 99.97% CPU
Iteration 40 / LogL: -2375.999 / Time: 0h:0m:8s (0h:0m:20s left)
Optimizing NNI: done in 0.0317061 secs using 99.89% CPU
Optimizing NNI: done in 0.105962 secs using 88.64% CPU
Optimizing NNI: done in 0.100789 secs using 88.06% CPU
Optimizing NNI: done in 0.220756 secs using 96.37% CPU
Optimizing NNI: done in 0.297828 secs using 97.33% CPU
Optimizing NNI: done in 0.152864 secs using 94.8% CPU
Optimizing NNI: done in 0.17233 secs using 97.67% CPU
Optimizing NNI: done in 0.0989749 secs using 99.91% CPU
UPDATE BEST LOG-LIKELIHOOD: -2375.997
Optimizing NNI: done in 0.0755864 secs using 99.99% CPU
Optimizing NNI: done in 0.0412512 secs using 80.62% CPU
Iteration 50 / LogL: -2814.572 / Time: 0h:0m:11s (0h:0m:17s left)
Log-likelihood cutoff on original alignment: -2393.200
Optimizing NNI: done in 0.0733623 secs using 99.85% CPU
BETTER TREE FOUND at iteration 51: -2375.997
Optimizing NNI: done in 0.0163759 secs using 75.41% CPU
Optimizing NNI: done in 0.126929 secs using 90.43% CPU
Optimizing NNI: done in 0.300858 secs using 94.64% CPU
Optimizing NNI: done in 0.203935 secs using 96.07% CPU
BETTER TREE FOUND at iteration 55: -2375.997
Optimizing NNI: done in 0.0513528 secs using 99.94% CPU
Optimizing NNI: done in 0.118585 secs using 99.92% CPU
Optimizing NNI: done in 0.0485187 secs using 99.94% CPU
Optimizing NNI: done in 0.0973247 secs using 99.93% CPU
Optimizing NNI: done in 0.117436 secs using 99.99% CPU
Iteration 60 / LogL: -2375.997 / Time: 0h:0m:13s (0h:0m:21s left)
Optimizing NNI: done in 0.113915 secs using 96.5% CPU
Optimizing NNI: done in 0.0485892 secs using 99.97% CPU
Optimizing NNI: done in 0.0500941 secs using 99.9% CPU
UPDATE BEST LOG-LIKELIHOOD: -2375.997
Optimizing NNI: done in 0.0169151 secs using 99.86% CPU
Optimizing NNI: done in 0.0452702 secs using 99.98% CPU
UPDATE BEST LOG-LIKELIHOOD: -2375.997
Optimizing NNI: done in 0.182823 secs using 99.9% CPU
Optimizing NNI: done in 0.0425148 secs using 99.98% CPU
Optimizing NNI: done in 0.0561792 secs using 99.98% CPU
UPDATE BEST LOG-LIKELIHOOD: -2375.997
Optimizing NNI: done in 0.143439 secs using 99.93% CPU
Optimizing NNI: done in 0.148558 secs using 99.99% CPU
Iteration 70 / LogL: -2376.000 / Time: 0h:0m:15s (0h:0m:18s left)
Optimizing NNI: done in 0.0578252 secs using 99.98% CPU
Optimizing NNI: done in 0.0696843 secs using 99.92% CPU
BETTER TREE FOUND at iteration 72: -2375.997
Optimizing NNI: done in 0.163781 secs using 97.51% CPU
Optimizing NNI: done in 0.107446 secs using 99.67% CPU
Optimizing NNI: done in 0.0776066 secs using 99.99% CPU
UPDATE BEST LOG-LIKELIHOOD: -2375.997
Optimizing NNI: done in 0.0668061 secs using 93.88% CPU
BETTER TREE FOUND at iteration 76: -2375.997
Optimizing NNI: done in 0.0735014 secs using 94.59% CPU
Optimizing NNI: done in 0.196896 secs using 95.88% CPU
Optimizing NNI: done in 0.0546632 secs using 99.98% CPU
Optimizing NNI: done in 0.0551441 secs using 98.72% CPU
Iteration 80 / LogL: -2375.997 / Time: 0h:0m:16s (0h:0m:20s left)
Optimizing NNI: done in 0.211491 secs using 99.64% CPU
Optimizing NNI: done in 0.0671873 secs using 99.78% CPU
UPDATE BEST LOG-LIKELIHOOD: -2375.997
Optimizing NNI: done in 0.154019 secs using 99.71% CPU
Optimizing NNI: done in 0.166824 secs using 99.48% CPU
Optimizing NNI: done in 0.0850746 secs using 99.71% CPU
Optimizing NNI: done in 0.391355 secs using 99.85% CPU
Optimizing NNI: done in 0.0283072 secs using 99.97% CPU
Optimizing NNI: done in 0.045125 secs using 99.98% CPU
Optimizing NNI: done in 0.0306538 secs using 99.97% CPU
Optimizing NNI: done in 0.0501682 secs using 99.98% CPU
UPDATE BEST LOG-LIKELIHOOD: -2375.997
Iteration 90 / LogL: -2375.997 / Time: 0h:0m:18s (0h:0m:18s left)
Optimizing NNI: done in 0.0499299 secs using 99.98% CPU
Optimizing NNI: done in 0.444857 secs using 99.85% CPU
Optimizing NNI: done in 0.201646 secs using 99.78% CPU
Optimizing NNI: done in 0.0686708 secs using 99.96% CPU
UPDATE BEST LOG-LIKELIHOOD: -2375.997
Optimizing NNI: done in 0.0324229 secs using 99.97% CPU
Optimizing NNI: done in 0.101064 secs using 99.94% CPU
Optimizing NNI: done in 0.0483219 secs using 99.78% CPU
Optimizing NNI: done in 0.0622055 secs using 99.59% CPU
Optimizing NNI: done in 0.0941808 secs using 99.99% CPU
Optimizing NNI: done in 0.170808 secs using 95.19% CPU
Iteration 100 / LogL: -2376.163 / Time: 0h:0m:20s (0h:0m:16s left)
Log-likelihood cutoff on original alignment: -2393.200
NOTE: Bootstrap correlation coefficient of split occurrence frequencies: 0.980
NOTE: UFBoot does not converge, continue at least 100 more iterations
Optimizing NNI: done in 0.324302 secs using 98.59% CPU
Optimizing NNI: done in 0.175285 secs using 99.83% CPU
Optimizing NNI: done in 0.289729 secs using 99.85% CPU
Optimizing NNI: done in 0.184249 secs using 97.85% CPU
Optimizing NNI: done in 0.032482 secs using 99.88% CPU
Optimizing NNI: done in 0.0894787 secs using 99.84% CPU
Optimizing NNI: done in 0.104966 secs using 99.99% CPU
Optimizing NNI: done in 0.27524 secs using 99.81% CPU
Optimizing NNI: done in 0.151048 secs using 99.81% CPU
Estimate model parameters (epsilon = 0.100)
BETTER TREE FOUND at iteration 109: -2375.153
Optimizing NNI: done in 0.0985311 secs using 99.99% CPU
Iteration 110 / LogL: -2375.997 / Time: 0h:0m:23s (0h:0m:21s left)
Optimizing NNI: done in 0.0893616 secs using 99.91% CPU
Optimizing NNI: done in 0.0344614 secs using 99.49% CPU
Optimizing NNI: done in 0.0496946 secs using 98.97% CPU
Optimizing NNI: done in 0.200722 secs using 99.98% CPU
Optimizing NNI: done in 0.0487495 secs using 99.98% CPU
Optimizing NNI: done in 0.0496194 secs using 99.31% CPU
Optimizing NNI: done in 0.261066 secs using 96.29% CPU
Optimizing NNI: done in 0.137156 secs using 99.4% CPU
Optimizing NNI: done in 0.0795521 secs using 93.11% CPU
Optimizing NNI: done in 0.0533422 secs using 97.74% CPU
Iteration 120 / LogL: -2375.997 / Time: 0h:0m:25s (0h:0m:19s left)
Optimizing NNI: done in 0.483198 secs using 99.78% CPU
Optimizing NNI: done in 0.174174 secs using 99.89% CPU
Optimizing NNI: done in 0.0763545 secs using 99.98% CPU
Optimizing NNI: done in 0.101497 secs using 96.04% CPU
Optimizing NNI: done in 0.117084 secs using 99.96% CPU
Optimizing NNI: done in 0.394898 secs using 99.97% CPU
Optimizing NNI: done in 0.132182 secs using 99.94% CPU
Optimizing NNI: done in 0.147825 secs using 99.95% CPU
Optimizing NNI: done in 0.0505267 secs using 95.77% CPU
Optimizing NNI: done in 0.0432104 secs using 99.12% CPU
Iteration 130 / LogL: -2375.644 / Time: 0h:0m:28s (0h:0m:17s left)
Optimizing NNI: done in 0.0372704 secs using 98.9% CPU
Optimizing NNI: done in 0.11331 secs using 99.58% CPU
Optimizing NNI: done in 0.220596 secs using 99.93% CPU
Optimizing NNI: done in 0.17255 secs using 97.47% CPU
Optimizing NNI: done in 0.13373 secs using 99.94% CPU
Optimizing NNI: done in 0.151775 secs using 99.99% CPU
Optimizing NNI: done in 0.286487 secs using 99.95% CPU
Optimizing NNI: done in 0.175482 secs using 97.72% CPU
Optimizing NNI: done in 0.017887 secs using 99.94% CPU
Optimizing NNI: done in 0.239435 secs using 99.99% CPU
Iteration 140 / LogL: -2376.000 / Time: 0h:0m:30s (0h:0m:15s left)
Optimizing NNI: done in 0.139116 secs using 99.77% CPU
Optimizing NNI: done in 0.395738 secs using 98.98% CPU
Optimizing NNI: done in 0.0479615 secs using 99.95% CPU
Optimizing NNI: done in 0.0410292 secs using 99.97% CPU
Optimizing NNI: done in 0.197194 secs using 97.7% CPU
UPDATE BEST LOG-LIKELIHOOD: -2375.152
Optimizing NNI: done in 0.181311 secs using 94.83% CPU
Optimizing NNI: done in 0.186063 secs using 97.56% CPU
Optimizing NNI: done in 0.126882 secs using 96.82% CPU
UPDATE BEST LOG-LIKELIHOOD: -2375.152
Optimizing NNI: done in 0.41035 secs using 99.5% CPU
Optimizing NNI: done in 0.275584 secs using 99.97% CPU
Iteration 150 / LogL: -2375.154 / Time: 0h:0m:33s (0h:0m:13s left)
Log-likelihood cutoff on original alignment: -2393.929
Optimizing NNI: done in 0.168601 secs using 99.99% CPU
Optimizing NNI: done in 0.0360354 secs using 99.99% CPU
Optimizing NNI: done in 0.294586 secs using 98.62% CPU
Optimizing NNI: done in 0.0751552 secs using 94.6% CPU
Optimizing NNI: done in 0.159507 secs using 99.94% CPU
Optimizing NNI: done in 0.0388506 secs using 99.97% CPU
Optimizing NNI: done in 0.17734 secs using 99.93% CPU
Optimizing NNI: done in 0.245718 secs using 99.96% CPU
Optimizing NNI: done in 0.0415374 secs using 99.97% CPU
Optimizing NNI: done in 0.218992 secs using 99.98% CPU
Iteration 160 / LogL: -2375.153 / Time: 0h:0m:35s (0h:0m:11s left)
Optimizing NNI: done in 0.161818 secs using 99.99% CPU
Optimizing NNI: done in 0.129997 secs using 99.94% CPU
Optimizing NNI: done in 0.235523 secs using 99.98% CPU
Optimizing NNI: done in 0.0916665 secs using 99.94% CPU
UPDATE BEST LOG-LIKELIHOOD: -2375.152
Optimizing NNI: done in 0.0985673 secs using 99.99% CPU
Optimizing NNI: done in 0.182793 secs using 99.99% CPU
Optimizing NNI: done in 0.0826941 secs using 99.99% CPU
Optimizing NNI: done in 0.193988 secs using 97.88% CPU
Optimizing NNI: done in 0.165736 secs using 99.99% CPU
Optimizing NNI: done in 0.0435465 secs using 99.91% CPU
Iteration 170 / LogL: -2375.644 / Time: 0h:0m:37s (0h:0m:8s left)
Optimizing NNI: done in 0.236935 secs using 99.97% CPU
UPDATE BEST LOG-LIKELIHOOD: -2375.151
Optimizing NNI: done in 0.0555621 secs using 99.91% CPU
UPDATE BEST LOG-LIKELIHOOD: -2375.151
Optimizing NNI: done in 0.29323 secs using 98.62% CPU
Optimizing NNI: done in 0.200143 secs using 99.99% CPU
Optimizing NNI: done in 0.247024 secs using 99.98% CPU
Optimizing NNI: done in 0.170409 secs using 97.62% CPU
Optimizing NNI: done in 0.0936106 secs using 99.99% CPU
Optimizing NNI: done in 0.32545 secs using 99.99% CPU
Optimizing NNI: done in 0.156404 secs using 97.44% CPU
Optimizing NNI: done in 0.191969 secs using 99.98% CPU
UPDATE BEST LOG-LIKELIHOOD: -2375.151
Iteration 180 / LogL: -2375.151 / Time: 0h:0m:40s (0h:0m:6s left)
Optimizing NNI: done in 0.324055 secs using 99.98% CPU
Optimizing NNI: done in 0.0829175 secs using 95.16% CPU
Optimizing NNI: done in 0.199713 secs using 95.96% CPU
UPDATE BEST LOG-LIKELIHOOD: -2375.151
Optimizing NNI: done in 0.222595 secs using 99.96% CPU
Optimizing NNI: done in 0.448472 secs using 99.68% CPU
WARNING: NNI search needs unusual large number of steps (11) to converge!
Optimizing NNI: done in 0.145473 secs using 99.98% CPU
Optimizing NNI: done in 0.0335751 secs using 92.4% CPU
Optimizing NNI: done in 0.0424553 secs using 99.9% CPU
Optimizing NNI: done in 0.165807 secs using 99.98% CPU
Optimizing NNI: done in 0.127383 secs using 99.97% CPU
Iteration 190 / LogL: -2375.153 / Time: 0h:0m:43s (0h:0m:4s left)
Optimizing NNI: done in 0.0871752 secs using 99.95% CPU
Optimizing NNI: done in 0.150022 secs using 99.97% CPU
Optimizing NNI: done in 0.0533628 secs using 99.98% CPU
UPDATE BEST LOG-LIKELIHOOD: -2375.151
Optimizing NNI: done in 0.217008 secs using 98.18% CPU
Optimizing NNI: done in 0.0318509 secs using 99.98% CPU
Optimizing NNI: done in 0.14866 secs using 99.98% CPU
Optimizing NNI: done in 0.240252 secs using 99.99% CPU
Optimizing NNI: done in 0.0691277 secs using 99.94% CPU
Optimizing NNI: done in 0.25169 secs using 99.99% CPU
Optimizing NNI: done in 0.162428 secs using 99.97% CPU
Iteration 200 / LogL: -2376.057 / Time: 0h:0m:45s (0h:0m:2s left)
Log-likelihood cutoff on original alignment: -2393.929
NOTE: Bootstrap correlation coefficient of split occurrence frequencies: 0.937
NOTE: UFBoot does not converge, continue at least 100 more iterations
Optimizing NNI: done in 0.192197 secs using 99.99% CPU
Optimizing NNI: done in 0.0377695 secs using 99.94% CPU
Optimizing NNI: done in 0.18445 secs using 99.98% CPU
Optimizing NNI: done in 0.216816 secs using 99.99% CPU
Optimizing NNI: done in 0.175292 secs using 99.96% CPU
Optimizing NNI: done in 0.289432 secs using 99.98% CPU
Optimizing NNI: done in 0.20873 secs using 99.98% CPU
UPDATE BEST LOG-LIKELIHOOD: -2375.151
Optimizing NNI: done in 0.295411 secs using 100% CPU
Optimizing NNI: done in 0.114822 secs using 99.96% CPU
Optimizing NNI: done in 0.0671136 secs using 99.99% CPU
Iteration 210 / LogL: -2375.154 / Time: 0h:0m:48s (0h:0m:20s left)
Optimizing NNI: done in 0.0369314 secs using 99.98% CPU
Optimizing NNI: done in 0.200005 secs using 99.99% CPU
Optimizing NNI: done in 0.141778 secs using 99.98% CPU
Optimizing NNI: done in 0.109952 secs using 99.99% CPU
Optimizing NNI: done in 0.149498 secs using 97.3% CPU
Optimizing NNI: done in 0.436671 secs using 98.16% CPU
Optimizing NNI: done in 0.0577663 secs using 93.11% CPU
Optimizing NNI: done in 0.113095 secs using 99.97% CPU
Optimizing NNI: done in 0.30152 secs using 100% CPU
Optimizing NNI: done in 0.0960933 secs using 99.99% CPU
Iteration 220 / LogL: -2375.999 / Time: 0h:0m:50s (0h:0m:18s left)
Optimizing NNI: done in 0.146908 secs using 99.96% CPU
Optimizing NNI: done in 0.245054 secs using 98.35% CPU
Optimizing NNI: done in 0.20888 secs using 98.08% CPU
Optimizing NNI: done in 0.26783 secs using 99.99% CPU
UPDATE BEST LOG-LIKELIHOOD: -2375.151
Optimizing NNI: done in 0.192856 secs using 99.99% CPU
Optimizing NNI: done in 0.154499 secs using 99.99% CPU
Optimizing NNI: done in 0.104579 secs using 99.99% CPU
Optimizing NNI: done in 0.0234421 secs using 99.96% CPU
Optimizing NNI: done in 0.371895 secs using 99.97% CPU
Optimizing NNI: done in 0.158836 secs using 99.99% CPU
Iteration 230 / LogL: -2376.000 / Time: 0h:0m:53s (0h:0m:16s left)
Optimizing NNI: done in 0.0832872 secs using 99.98% CPU
Optimizing NNI: done in 0.146759 secs using 99.96% CPU
Optimizing NNI: done in 0.216991 secs using 98.15% CPU
Optimizing NNI: done in 0.0901329 secs using 99.97% CPU
Optimizing NNI: done in 0.0173429 secs using 99.91% CPU
Optimizing NNI: done in 0.144737 secs using 97.25% CPU
Optimizing NNI: done in 0.145161 secs using 99.89% CPU
Optimizing NNI: done in 0.12921 secs using 99.97% CPU
Optimizing NNI: done in 0.0347549 secs using 99.97% CPU
Optimizing NNI: done in 0.101677 secs using 99.99% CPU
Iteration 240 / LogL: -2375.281 / Time: 0h:0m:55s (0h:0m:13s left)
Optimizing NNI: done in 0.414313 secs using 98.92% CPU
Optimizing NNI: done in 0.0899605 secs using 95.6% CPU
Optimizing NNI: done in 0.15593 secs using 99.49% CPU
Optimizing NNI: done in 0.107404 secs using 99.49% CPU
Optimizing NNI: done in 0.166814 secs using 99.99% CPU
Optimizing NNI: done in 0.0962289 secs using 99.54% CPU
Optimizing NNI: done in 0.241644 secs using 99.97% CPU
Optimizing NNI: done in 0.0839449 secs using 99.99% CPU
Optimizing NNI: done in 0.0279143 secs using 99.97% CPU
Optimizing NNI: done in 0.113849 secs using 99.93% CPU
Iteration 250 / LogL: -2376.001 / Time: 0h:0m:57s (0h:0m:11s left)
Log-likelihood cutoff on original alignment: -2393.929
Optimizing NNI: done in 0.206012 secs using 98.04% CPU
Optimizing NNI: done in 0.158376 secs using 99.97% CPU
Optimizing NNI: done in 0.205575 secs using 99.99% CPU
Optimizing NNI: done in 0.104651 secs using 99.97% CPU
Optimizing NNI: done in 0.103278 secs using 99.84% CPU
Optimizing NNI: done in 0.0823535 secs using 99.25% CPU
Optimizing NNI: done in 0.215188 secs using 99.93% CPU
Optimizing NNI: done in 0.201839 secs using 99.99% CPU
Optimizing NNI: done in 0.19857 secs using 99.99% CPU
Optimizing NNI: done in 0.208233 secs using 98.08% CPU
Iteration 260 / LogL: -2375.998 / Time: 0h:1m:0s (0h:0m:9s left)
Optimizing NNI: done in 0.126995 secs using 99.99% CPU
Optimizing NNI: done in 0.101333 secs using 96.01% CPU
Optimizing NNI: done in 0.0714849 secs using 99.92% CPU
Optimizing NNI: done in 0.0823148 secs using 99.97% CPU
Optimizing NNI: done in 0.0469944 secs using 99.93% CPU
Optimizing NNI: done in 0.0996123 secs using 95.95% CPU
Optimizing NNI: done in 0.100956 secs using 99.96% CPU
Optimizing NNI: done in 0.11364 secs using 99.87% CPU
Optimizing NNI: done in 0.234861 secs using 99.99% CPU
Optimizing NNI: done in 0.195649 secs using 95.9% CPU
Iteration 270 / LogL: -2375.154 / Time: 0h:1m:2s (0h:0m:6s left)
Optimizing NNI: done in 0.261358 secs using 98.46% CPU
Optimizing NNI: done in 0.0621222 secs using 99.95% CPU
Optimizing NNI: done in 0.0789257 secs using 99.99% CPU
Optimizing NNI: done in 0.142935 secs using 97.18% CPU
Optimizing NNI: done in 0.0767044 secs using 99.99% CPU
Optimizing NNI: done in 0.116518 secs using 99.96% CPU
Optimizing NNI: done in 0.0741701 secs using 99.99% CPU
Optimizing NNI: done in 0.272799 secs using 97.07% CPU
Optimizing NNI: done in 0.135834 secs using 99.96% CPU
Optimizing NNI: done in 0.218289 secs using 99.99% CPU
Iteration 280 / LogL: -2376.001 / Time: 0h:1m:4s (0h:0m:4s left)
Optimizing NNI: done in 0.0424481 secs using 99.97% CPU
UPDATE BEST LOG-LIKELIHOOD: -2375.151
Optimizing NNI: done in 0.220416 secs using 96.35% CPU
Optimizing NNI: done in 0.0881255 secs using 99.95% CPU
Optimizing NNI: done in 0.330766 secs using 98.77% CPU
Optimizing NNI: done in 0.159388 secs using 99.96% CPU
Optimizing NNI: done in 0.0851988 secs using 99.98% CPU
Optimizing NNI: done in 0.202056 secs using 99.99% CPU
Optimizing NNI: done in 0.196351 secs using 99.98% CPU
Optimizing NNI: done in 0.157749 secs using 99.99% CPU
Optimizing NNI: done in 0.221442 secs using 98.16% CPU
Iteration 290 / LogL: -2375.165 / Time: 0h:1m:6s (0h:0m:2s left)
Optimizing NNI: done in 0.0685837 secs using 99.98% CPU
Optimizing NNI: done in 0.110229 secs using 99.99% CPU
Optimizing NNI: done in 0.0909574 secs using 99.98% CPU
Optimizing NNI: done in 0.0371199 secs using 99.98% CPU
Optimizing NNI: done in 0.40731 secs using 99.99% CPU
Optimizing NNI: done in 0.168727 secs using 99.97% CPU
Optimizing NNI: done in 0.0486998 secs using 99.98% CPU
Optimizing NNI: done in 0.198775 secs using 99.99% CPU
Optimizing NNI: done in 0.201955 secs using 99.96% CPU
Optimizing NNI: done in 0.0528541 secs using 99.93% CPU
Iteration 300 / LogL: -2375.645 / Time: 0h:1m:9s (0h:0m:0s left)
Log-likelihood cutoff on original alignment: -2393.929
NOTE: Bootstrap correlation coefficient of split occurrence frequencies: 0.978
NOTE: UFBoot does not converge, continue at least 100 more iterations
Optimizing NNI: done in 0.102036 secs using 99.94% CPU
Optimizing NNI: done in 0.202381 secs using 99.99% CPU
Optimizing NNI: done in 0.182058 secs using 99.95% CPU
Optimizing NNI: done in 0.0595581 secs using 99.98% CPU
Optimizing NNI: done in 0.146253 secs using 99.97% CPU
Optimizing NNI: done in 0.174251 secs using 99.96% CPU
Optimizing NNI: done in 0.0922909 secs using 95.65% CPU
Optimizing NNI: done in 0.259205 secs using 99.98% CPU
Optimizing NNI: done in 0.134218 secs using 93.99% CPU
Optimizing NNI: done in 0.0650639 secs using 99.96% CPU
Iteration 310 / LogL: -2375.268 / Time: 0h:1m:11s (0h:0m:20s left)
Optimizing NNI: done in 0.175144 secs using 97.72% CPU
Optimizing NNI: done in 0.0902593 secs using 99.94% CPU
Optimizing NNI: done in 0.0364042 secs using 88.97% CPU
Optimizing NNI: done in 0.146397 secs using 99.99% CPU
Optimizing NNI: done in 0.0740603 secs using 99.99% CPU
Optimizing NNI: done in 0.227425 secs using 99.97% CPU
Optimizing NNI: done in 0.210318 secs using 99.99% CPU
Optimizing NNI: done in 0.0926238 secs using 99.99% CPU
Optimizing NNI: done in 0.359557 secs using 98.85% CPU
WARNING: NNI search needs unusual large number of steps (11) to converge!
Optimizing NNI: done in 0.233682 secs using 99.99% CPU
Iteration 320 / LogL: -2376.056 / Time: 0h:1m:14s (0h:0m:18s left)
Optimizing NNI: done in 0.113444 secs using 99.99% CPU
Optimizing NNI: done in 0.20398 secs using 99.99% CPU
Optimizing NNI: done in 0.0311353 secs using 99.97% CPU
Optimizing NNI: done in 0.0818445 secs using 99.98% CPU
Optimizing NNI: done in 0.131499 secs using 99.97% CPU
Optimizing NNI: done in 0.0645168 secs using 99.98% CPU
Optimizing NNI: done in 0.0371321 secs using 99.97% CPU
Optimizing NNI: done in 0.0465782 secs using 99.9% CPU
Optimizing NNI: done in 0.212415 secs using 99.97% CPU
Optimizing NNI: done in 0.154365 secs using 99.99% CPU
Iteration 330 / LogL: -2376.054 / Time: 0h:1m:15s (0h:0m:16s left)
Optimizing NNI: done in 0.141546 secs using 99.99% CPU
Optimizing NNI: done in 0.0292241 secs using 99.98% CPU
Optimizing NNI: done in 0.195504 secs using 97.94% CPU
Optimizing NNI: done in 0.0593041 secs using 99.98% CPU
Optimizing NNI: done in 0.0948711 secs using 99.92% CPU
Optimizing NNI: done in 0.211036 secs using 99.98% CPU
Optimizing NNI: done in 0.0871926 secs using 99.98% CPU
Optimizing NNI: done in 0.215946 secs using 99.95% CPU
Optimizing NNI: done in 0.269503 secs using 99.99% CPU
Optimizing NNI: done in 0.175595 secs using 97.7% CPU
Iteration 340 / LogL: -2376.001 / Time: 0h:1m:18s (0h:0m:13s left)
Optimizing NNI: done in 0.219491 secs using 99.99% CPU
Optimizing NNI: done in 0.248658 secs using 96.79% CPU
Optimizing NNI: done in 0.178146 secs using 97.74% CPU
Optimizing NNI: done in 0.196674 secs using 99.99% CPU
Optimizing NNI: done in 0.043074 secs using 99.97% CPU
Optimizing NNI: done in 0.191344 secs using 99.97% CPU
Optimizing NNI: done in 0.0940911 secs using 99.98% CPU
Optimizing NNI: done in 0.105171 secs using 99.99% CPU
Optimizing NNI: done in 0.20789 secs using 99.98% CPU
Optimizing NNI: done in 0.0988881 secs using 99.98% CPU
Iteration 350 / LogL: -2375.280 / Time: 0h:1m:20s (0h:0m:11s left)
Log-likelihood cutoff on original alignment: -2393.929
Optimizing NNI: done in 0.144167 secs using 99.99% CPU
Optimizing NNI: done in 0.210707 secs using 99.95% CPU
Optimizing NNI: done in 0.15694 secs using 99.96% CPU
Optimizing NNI: done in 0.03472 secs using 99.95% CPU
Optimizing NNI: done in 0.357451 secs using 98.87% CPU
Optimizing NNI: done in 0.0720272 secs using 99.97% CPU
Optimizing NNI: done in 0.28063 secs using 99.97% CPU
Optimizing NNI: done in 0.0854546 secs using 99.98% CPU
Optimizing NNI: done in 0.122736 secs using 99.99% CPU
Optimizing NNI: done in 0.151424 secs using 99.99% CPU
Iteration 360 / LogL: -2376.000 / Time: 0h:1m:23s (0h:0m:9s left)
Optimizing NNI: done in 0.154199 secs using 99.97% CPU
Optimizing NNI: done in 0.410025 secs using 99.99% CPU
Optimizing NNI: done in 0.0991696 secs using 99.96% CPU
Optimizing NNI: done in 0.0716915 secs using 99.98% CPU
Optimizing NNI: done in 0.395151 secs using 99.85% CPU
Optimizing NNI: done in 0.0483789 secs using 99.98% CPU
Optimizing NNI: done in 0.159515 secs using 99.99% CPU
Optimizing NNI: done in 0.0969079 secs using 99.96% CPU
Optimizing NNI: done in 0.189046 secs using 99.97% CPU
Optimizing NNI: done in 0.243735 secs using 98.35% CPU
Iteration 370 / LogL: -2376.002 / Time: 0h:1m:26s (0h:0m:6s left)
Optimizing NNI: done in 0.1012 secs using 99.98% CPU
Optimizing NNI: done in 0.155148 secs using 99.98% CPU
Optimizing NNI: done in 0.186999 secs using 99.99% CPU
Optimizing NNI: done in 0.213764 secs using 99.97% CPU
Optimizing NNI: done in 0.159022 secs using 99.99% CPU
Optimizing NNI: done in 0.0945479 secs using 95.77% CPU
Optimizing NNI: done in 0.0818652 secs using 99.98% CPU
Optimizing NNI: done in 0.0842303 secs using 99.98% CPU
Optimizing NNI: done in 0.0396044 secs using 89.96% CPU
Optimizing NNI: done in 0.102964 secs using 99.99% CPU
Iteration 380 / LogL: -2375.155 / Time: 0h:1m:28s (0h:0m:4s left)
Optimizing NNI: done in 0.0557619 secs using 99.98% CPU
Optimizing NNI: done in 0.0775897 secs using 99.98% CPU
Optimizing NNI: done in 0.054762 secs using 99.97% CPU
Optimizing NNI: done in 0.221585 secs using 99.99% CPU
Optimizing NNI: done in 0.253658 secs using 96.82% CPU
Optimizing NNI: done in 0.191569 secs using 97.91% CPU
Optimizing NNI: done in 0.0790278 secs using 99.99% CPU
Optimizing NNI: done in 0.155058 secs using 99.95% CPU
Optimizing NNI: done in 0.190809 secs using 99.99% CPU
Optimizing NNI: done in 0.0404351 secs using 99.97% CPU
Iteration 390 / LogL: -2375.155 / Time: 0h:1m:30s (0h:0m:2s left)
Optimizing NNI: done in 0.18774 secs using 99.95% CPU
Optimizing NNI: done in 0.511803 secs using 99.18% CPU
Optimizing NNI: done in 0.315968 secs using 99.98% CPU
Optimizing NNI: done in 0.0422018 secs using 99.98% CPU
UPDATE BEST LOG-LIKELIHOOD: -2375.151
Optimizing NNI: done in 0.0770596 secs using 99.93% CPU
Optimizing NNI: done in 0.115377 secs using 99.97% CPU
Optimizing NNI: done in 0.260378 secs using 99.99% CPU
Optimizing NNI: done in 0.113377 secs using 99.96% CPU
Optimizing NNI: done in 0.0770575 secs using 99.98% CPU
Optimizing NNI: done in 0.163904 secs using 99.99% CPU
UPDATE BEST LOG-LIKELIHOOD: -2375.151
Iteration 400 / LogL: -2375.151 / Time: 0h:1m:32s (0h:0m:0s left)
Log-likelihood cutoff on original alignment: -2394.127
NOTE: Bootstrap correlation coefficient of split occurrence frequencies: 0.983
NOTE: UFBoot does not converge, continue at least 100 more iterations
Optimizing NNI: done in 0.0253395 secs using 99.95% CPU
Optimizing NNI: done in 0.0515368 secs using 84.48% CPU
Optimizing NNI: done in 0.39309 secs using 98.97% CPU
Optimizing NNI: done in 0.282195 secs using 98.56% CPU
Optimizing NNI: done in 0.194133 secs using 99.99% CPU
Optimizing NNI: done in 0.254603 secs using 99.97% CPU
Optimizing NNI: done in 0.174977 secs using 99.97% CPU
Optimizing NNI: done in 0.158257 secs using 97.45% CPU
Optimizing NNI: done in 0.0655384 secs using 99.98% CPU
Optimizing NNI: done in 0.0769088 secs using 99.97% CPU
Iteration 410 / LogL: -2375.155 / Time: 0h:1m:35s (0h:0m:21s left)
Optimizing NNI: done in 0.157562 secs using 99.99% CPU
Optimizing NNI: done in 0.169584 secs using 99.99% CPU
Optimizing NNI: done in 0.111073 secs using 99.99% CPU
Optimizing NNI: done in 0.191643 secs using 99.99% CPU
Optimizing NNI: done in 0.1536 secs using 99.98% CPU
Optimizing NNI: done in 0.0558007 secs using 99.93% CPU
UPDATE BEST LOG-LIKELIHOOD: -2375.151
Optimizing NNI: done in 0.0393438 secs using 99.97% CPU
Optimizing NNI: done in 0.193453 secs using 99.98% CPU
Optimizing NNI: done in 0.0419272 secs using 90.48% CPU
UPDATE BEST LOG-LIKELIHOOD: -2375.151
Optimizing NNI: done in 0.143779 secs using 99.97% CPU
Iteration 420 / LogL: -2375.997 / Time: 0h:1m:37s (0h:0m:18s left)
Optimizing NNI: done in 0.112014 secs using 99.99% CPU
Optimizing NNI: done in 0.384935 secs using 99.98% CPU
Optimizing NNI: done in 0.0501187 secs using 99.97% CPU
Optimizing NNI: done in 0.0639956 secs using 93.69% CPU
Optimizing NNI: done in 0.0422504 secs using 99.99% CPU
Optimizing NNI: done in 0.2475 secs using 98.37% CPU
Optimizing NNI: done in 0.106332 secs using 99.98% CPU
Optimizing NNI: done in 0.212326 secs using 99.99% CPU
Optimizing NNI: done in 0.3022 secs using 100% CPU
Optimizing NNI: done in 0.0551608 secs using 99.98% CPU
Iteration 430 / LogL: -2375.153 / Time: 0h:1m:40s (0h:0m:16s left)
Optimizing NNI: done in 0.226882 secs using 99.96% CPU
Optimizing NNI: done in 0.0877686 secs using 99.99% CPU
Optimizing NNI: done in 0.234891 secs using 99.98% CPU
Optimizing NNI: done in 0.145506 secs using 99.99% CPU
Optimizing NNI: done in 0.192088 secs using 97.92% CPU
Optimizing NNI: done in 0.0479274 secs using 99.96% CPU
Optimizing NNI: done in 0.0814657 secs using 99.99% CPU
Optimizing NNI: done in 0.192914 secs using 99.99% CPU
Optimizing NNI: done in 0.206661 secs using 98.05% CPU
Optimizing NNI: done in 0.0614718 secs using 99.95% CPU
Iteration 440 / LogL: -2375.154 / Time: 0h:1m:42s (0h:0m:14s left)
Optimizing NNI: done in 0.160958 secs using 99.97% CPU
Optimizing NNI: done in 0.210716 secs using 99.98% CPU
Optimizing NNI: done in 0.105299 secs using 96.18% CPU
Optimizing NNI: done in 0.185102 secs using 99.97% CPU
Optimizing NNI: done in 0.242537 secs using 99.99% CPU
Optimizing NNI: done in 0.210387 secs using 98.1% CPU
Optimizing NNI: done in 0.0516783 secs using 99.94% CPU
UPDATE BEST LOG-LIKELIHOOD: -2375.151
Optimizing NNI: done in 0.0484975 secs using 99.9% CPU
Optimizing NNI: done in 0.143851 secs using 99.99% CPU
Optimizing NNI: done in 0.150753 secs using 97.33% CPU
Iteration 450 / LogL: -2375.997 / Time: 0h:1m:45s (0h:0m:11s left)
Log-likelihood cutoff on original alignment: -2393.975
Optimizing NNI: done in 0.155851 secs using 99.96% CPU
Optimizing NNI: done in 0.0680543 secs using 99.98% CPU
Optimizing NNI: done in 0.150498 secs using 99.99% CPU
Optimizing NNI: done in 0.0601279 secs using 99.95% CPU
Optimizing NNI: done in 0.0421281 secs using 90.47% CPU
Optimizing NNI: done in 0.0802072 secs using 99.98% CPU
Optimizing NNI: done in 0.101043 secs using 99.96% CPU
Optimizing NNI: done in 0.154318 secs using 99.99% CPU
Optimizing NNI: done in 0.0689802 secs using 94.15% CPU
Optimizing NNI: done in 0.0883108 secs using 95.45% CPU
UPDATE BEST LOG-LIKELIHOOD: -2375.151
Iteration 460 / LogL: -2375.151 / Time: 0h:1m:47s (0h:0m:9s left)
Optimizing NNI: done in 0.239002 secs using 94.98% CPU
Optimizing NNI: done in 0.11058 secs using 96.33% CPU
Optimizing NNI: done in 0.18866 secs using 99.95% CPU
Optimizing NNI: done in 0.287618 secs using 99.98% CPU
Optimizing NNI: done in 0.0724095 secs using 99.95% CPU
Optimizing NNI: done in 0.0888281 secs using 99.99% CPU
Optimizing NNI: done in 0.159212 secs using 99.97% CPU
Optimizing NNI: done in 0.0393442 secs using 99.93% CPU
Optimizing NNI: done in 0.0883842 secs using 99.99% CPU
Optimizing NNI: done in 0.193841 secs using 99.97% CPU
Iteration 470 / LogL: -2375.997 / Time: 0h:1m:49s (0h:0m:7s left)
Optimizing NNI: done in 0.174987 secs using 97.72% CPU
Optimizing NNI: done in 0.145869 secs using 99.96% CPU
Optimizing NNI: done in 0.0560735 secs using 99.99% CPU
Optimizing NNI: done in 0.188737 secs using 99.98% CPU
Optimizing NNI: done in 0.154348 secs using 99.98% CPU
Optimizing NNI: done in 0.0736675 secs using 99.98% CPU
Optimizing NNI: done in 0.193881 secs using 99.99% CPU
Optimizing NNI: done in 0.180675 secs using 99.99% CPU
Optimizing NNI: done in 0.190697 secs using 97.88% CPU
Optimizing NNI: done in 0.215852 secs using 99.98% CPU
Iteration 480 / LogL: -2375.151 / Time: 0h:1m:52s (0h:0m:4s left)
Optimizing NNI: done in 0.052108 secs using 99.98% CPU
Optimizing NNI: done in 0.0557058 secs using 99.98% CPU
Optimizing NNI: done in 0.061784 secs using 99.98% CPU
UPDATE BEST LOG-LIKELIHOOD: -2375.151
Optimizing NNI: done in 0.109106 secs using 99.95% CPU
Optimizing NNI: done in 0.0839862 secs using 95.25% CPU
Optimizing NNI: done in 0.053108 secs using 99.91% CPU
Optimizing NNI: done in 0.220841 secs using 99.99% CPU
Optimizing NNI: done in 0.164173 secs using 97.5% CPU
Optimizing NNI: done in 0.191633 secs using 99.99% CPU
Optimizing NNI: done in 0.0920598 secs using 99.99% CPU
Iteration 490 / LogL: -2376.054 / Time: 0h:1m:54s (0h:0m:2s left)
Optimizing NNI: done in 0.105779 secs using 99.96% CPU
Optimizing NNI: done in 0.139059 secs using 97.07% CPU
Optimizing NNI: done in 0.263007 secs using 98.46% CPU
Optimizing NNI: done in 0.172215 secs using 97.53% CPU
Optimizing NNI: done in 0.208291 secs using 94.25% CPU
Optimizing NNI: done in 0.0306668 secs using 99.9% CPU
Optimizing NNI: done in 0.249864 secs using 96.73% CPU
Optimizing NNI: done in 0.125338 secs using 99.99% CPU
Optimizing NNI: done in 0.0764678 secs using 99.98% CPU
Optimizing NNI: done in 0.0461472 secs using 91.28% CPU
Iteration 500 / LogL: -2375.155 / Time: 0h:1m:56s (0h:0m:0s left)
Log-likelihood cutoff on original alignment: -2393.975
NOTE: Bootstrap correlation coefficient of split occurrence frequencies: 0.997
TREE SEARCH COMPLETED AFTER 500 ITERATIONS / Time: 0h:1m:56s

--------------------------------------------------------------------
|                    FINALIZING TREE SEARCH                        |
--------------------------------------------------------------------
Performs final model parameters optimization
Estimate model parameters (epsilon = 0.010)
1. Initial log-likelihood: -2375.151
Optimal log-likelihood: -2375.151
Rate parameters:  A-C: 1.00000  A-G: 1.00000  A-T: 1.00000  C-G: 1.00000  C-T: 1.00000  G-T: 1.00000
Base frequencies:  A: 0.250  C: 0.250  G: 0.250  T: 0.250
Parameters optimization took 1 rounds (0.002 sec)
BEST SCORE FOUND : -2375.151
Creating bootstrap support values...
Split supports printed to NEXUS file /home/clemens/Downloads/PF3560/PF3560_2/PF3560.fasta.splits.nex
Total tree length: 5.719

Total number of iterations: 500
CPU time used for tree search: 114.829 sec (0h:1m:54s)
Wall-clock time used for tree search: 116.552 sec (0h:1m:56s)
Total CPU time used: 115.731 sec (0h:1m:55s)
Total wall-clock time used: 117.463 sec (0h:1m:57s)

Computing bootstrap consensus tree...
Reading input file /home/clemens/Downloads/PF3560/PF3560_2/PF3560.fasta.splits.nex...
11 taxa and 95 splits.
Consensus tree written to /home/clemens/Downloads/PF3560/PF3560_2/PF3560.fasta.contree
Reading input trees file /home/clemens/Downloads/PF3560/PF3560_2/PF3560.fasta.contree
Log-likelihood of consensus tree: -2375.321

Analysis results written to: 
  IQ-TREE report:                /home/clemens/Downloads/PF3560/PF3560_2/PF3560.fasta.iqtree
  Maximum-likelihood tree:       /home/clemens/Downloads/PF3560/PF3560_2/PF3560.fasta.treefile
  Likelihood distances:          /home/clemens/Downloads/PF3560/PF3560_2/PF3560.fasta.mldist

Ultrafast bootstrap approximation results written to:
  Split support values:          /home/clemens/Downloads/PF3560/PF3560_2/PF3560.fasta.splits.nex
  Consensus tree:                /home/clemens/Downloads/PF3560/PF3560_2/PF3560.fasta.contree
  Screen log file:               /home/clemens/Downloads/PF3560/PF3560_2/PF3560.fasta.log

Date and Time: Wed Jan 24 18:42:10 2024
